CRITICAL - 2022-11-10 01:54:18 --> include(header_view): Failed to open stream: No such file or directory
in APPPATH/Views/welcome_message.php on line 1.
 1 APPPATH/Views/welcome_message.php(1): CodeIgniter\Debug\Exceptions->errorHandler(2, 'include(header_view): Failed to open stream: No such file or directory', 'APPPATH/Views/welcome_message.php', 1)
 2 APPPATH/Views/welcome_message.php(1): include()
 3 SYSTEMPATH/View/View.php(213): include('APPPATH/Views/welcome_message.php')
 4 SYSTEMPATH/View/View.php(216): CodeIgniter\View\View->CodeIgniter\View\{closure}()
 5 SYSTEMPATH/Common.php(1134): CodeIgniter\View\View->render('welcome_message', [], true)
 6 APPPATH/Controllers/Home.php(9): view('welcome_message')
 7 SYSTEMPATH/CodeIgniter.php(927): App\Controllers\Home->index()
 8 SYSTEMPATH/CodeIgniter.php(482): CodeIgniter\CodeIgniter->runController(Object(App\Controllers\Home))
 9 SYSTEMPATH/CodeIgniter.php(351): CodeIgniter\CodeIgniter->handleRequest(null, Object(Config\Cache), false)
10 FCPATH/index.php(67): CodeIgniter\CodeIgniter->run()
CRITICAL - 2022-11-10 01:54:42 --> include(header_view): Failed to open stream: No such file or directory
in APPPATH/Views/welcome_message.php on line 1.
 1 APPPATH/Views/welcome_message.php(1): CodeIgniter\Debug\Exceptions->errorHandler(2, 'include(header_view): Failed to open stream: No such file or directory', 'APPPATH/Views/welcome_message.php', 1)
 2 APPPATH/Views/welcome_message.php(1): include()
 3 SYSTEMPATH/View/View.php(213): include('APPPATH/Views/welcome_message.php')
 4 SYSTEMPATH/View/View.php(216): CodeIgniter\View\View->CodeIgniter\View\{closure}()
 5 SYSTEMPATH/Common.php(1134): CodeIgniter\View\View->render('welcome_message', [], true)
 6 APPPATH/Controllers/Home.php(9): view('welcome_message')
 7 SYSTEMPATH/CodeIgniter.php(927): App\Controllers\Home->index()
 8 SYSTEMPATH/CodeIgniter.php(482): CodeIgniter\CodeIgniter->runController(Object(App\Controllers\Home))
 9 SYSTEMPATH/CodeIgniter.php(351): CodeIgniter\CodeIgniter->handleRequest(null, Object(Config\Cache), false)
10 FCPATH/index.php(67): CodeIgniter\CodeIgniter->run()
CRITICAL - 2022-11-10 01:55:06 --> include(../header_view.php): Failed to open stream: No such file or directory
in APPPATH/Views/welcome_message.php on line 1.
 1 APPPATH/Views/welcome_message.php(1): CodeIgniter\Debug\Exceptions->errorHandler(2, 'include(../header_view.php): Failed to open stream: No such file or directory', 'APPPATH/Views/welcome_message.php', 1)
 2 APPPATH/Views/welcome_message.php(1): include()
 3 SYSTEMPATH/View/View.php(213): include('APPPATH/Views/welcome_message.php')
 4 SYSTEMPATH/View/View.php(216): CodeIgniter\View\View->CodeIgniter\View\{closure}()
 5 SYSTEMPATH/Common.php(1134): CodeIgniter\View\View->render('welcome_message', [], true)
 6 APPPATH/Controllers/Home.php(9): view('welcome_message')
 7 SYSTEMPATH/CodeIgniter.php(927): App\Controllers\Home->index()
 8 SYSTEMPATH/CodeIgniter.php(482): CodeIgniter\CodeIgniter->runController(Object(App\Controllers\Home))
 9 SYSTEMPATH/CodeIgniter.php(351): CodeIgniter\CodeIgniter->handleRequest(null, Object(Config\Cache), false)
10 FCPATH/index.php(67): CodeIgniter\CodeIgniter->run()
CRITICAL - 2022-11-10 01:55:07 --> include(../header_view.php): Failed to open stream: No such file or directory
in APPPATH/Views/welcome_message.php on line 1.
 1 APPPATH/Views/welcome_message.php(1): CodeIgniter\Debug\Exceptions->errorHandler(2, 'include(../header_view.php): Failed to open stream: No such file or directory', 'APPPATH/Views/welcome_message.php', 1)
 2 APPPATH/Views/welcome_message.php(1): include()
 3 SYSTEMPATH/View/View.php(213): include('APPPATH/Views/welcome_message.php')
 4 SYSTEMPATH/View/View.php(216): CodeIgniter\View\View->CodeIgniter\View\{closure}()
 5 SYSTEMPATH/Common.php(1134): CodeIgniter\View\View->render('welcome_message', [], true)
 6 APPPATH/Controllers/Home.php(9): view('welcome_message')
 7 SYSTEMPATH/CodeIgniter.php(927): App\Controllers\Home->index()
 8 SYSTEMPATH/CodeIgniter.php(482): CodeIgniter\CodeIgniter->runController(Object(App\Controllers\Home))
 9 SYSTEMPATH/CodeIgniter.php(351): CodeIgniter\CodeIgniter->handleRequest(null, Object(Config\Cache), false)
10 FCPATH/index.php(67): CodeIgniter\CodeIgniter->run()
CRITICAL - 2022-11-10 01:55:07 --> include(../header_view.php): Failed to open stream: No such file or directory
in APPPATH/Views/welcome_message.php on line 1.
 1 APPPATH/Views/welcome_message.php(1): CodeIgniter\Debug\Exceptions->errorHandler(2, 'include(../header_view.php): Failed to open stream: No such file or directory', 'APPPATH/Views/welcome_message.php', 1)
 2 APPPATH/Views/welcome_message.php(1): include()
 3 SYSTEMPATH/View/View.php(213): include('APPPATH/Views/welcome_message.php')
 4 SYSTEMPATH/View/View.php(216): CodeIgniter\View\View->CodeIgniter\View\{closure}()
 5 SYSTEMPATH/Common.php(1134): CodeIgniter\View\View->render('welcome_message', [], true)
 6 APPPATH/Controllers/Home.php(9): view('welcome_message')
 7 SYSTEMPATH/CodeIgniter.php(927): App\Controllers\Home->index()
 8 SYSTEMPATH/CodeIgniter.php(482): CodeIgniter\CodeIgniter->runController(Object(App\Controllers\Home))
 9 SYSTEMPATH/CodeIgniter.php(351): CodeIgniter\CodeIgniter->handleRequest(null, Object(Config\Cache), false)
10 FCPATH/index.php(67): CodeIgniter\CodeIgniter->run()
CRITICAL - 2022-11-10 01:56:44 --> include(header_view.php): Failed to open stream: No such file or directory
in APPPATH/Views/welcome_message.php on line 1.
 1 APPPATH/Views/welcome_message.php(1): CodeIgniter\Debug\Exceptions->errorHandler(2, 'include(header_view.php): Failed to open stream: No such file or directory', 'APPPATH/Views/welcome_message.php', 1)
 2 APPPATH/Views/welcome_message.php(1): include()
 3 SYSTEMPATH/View/View.php(213): include('APPPATH/Views/welcome_message.php')
 4 SYSTEMPATH/View/View.php(216): CodeIgniter\View\View->CodeIgniter\View\{closure}()
 5 SYSTEMPATH/Common.php(1134): CodeIgniter\View\View->render('welcome_message', [], true)
 6 APPPATH/Controllers/Home.php(9): view('welcome_message')
 7 SYSTEMPATH/CodeIgniter.php(927): App\Controllers\Home->index()
 8 SYSTEMPATH/CodeIgniter.php(482): CodeIgniter\CodeIgniter->runController(Object(App\Controllers\Home))
 9 SYSTEMPATH/CodeIgniter.php(351): CodeIgniter\CodeIgniter->handleRequest(null, Object(Config\Cache), false)
10 FCPATH/index.php(67): CodeIgniter\CodeIgniter->run()
CRITICAL - 2022-11-10 01:56:45 --> include(header_view.php): Failed to open stream: No such file or directory
in APPPATH/Views/welcome_message.php on line 1.
 1 APPPATH/Views/welcome_message.php(1): CodeIgniter\Debug\Exceptions->errorHandler(2, 'include(header_view.php): Failed to open stream: No such file or directory', 'APPPATH/Views/welcome_message.php', 1)
 2 APPPATH/Views/welcome_message.php(1): include()
 3 SYSTEMPATH/View/View.php(213): include('APPPATH/Views/welcome_message.php')
 4 SYSTEMPATH/View/View.php(216): CodeIgniter\View\View->CodeIgniter\View\{closure}()
 5 SYSTEMPATH/Common.php(1134): CodeIgniter\View\View->render('welcome_message', [], true)
 6 APPPATH/Controllers/Home.php(9): view('welcome_message')
 7 SYSTEMPATH/CodeIgniter.php(927): App\Controllers\Home->index()
 8 SYSTEMPATH/CodeIgniter.php(482): CodeIgniter\CodeIgniter->runController(Object(App\Controllers\Home))
 9 SYSTEMPATH/CodeIgniter.php(351): CodeIgniter\CodeIgniter->handleRequest(null, Object(Config\Cache), false)
10 FCPATH/index.php(67): CodeIgniter\CodeIgniter->run()
CRITICAL - 2022-11-10 01:56:46 --> include(header_view.php): Failed to open stream: No such file or directory
in APPPATH/Views/welcome_message.php on line 1.
 1 APPPATH/Views/welcome_message.php(1): CodeIgniter\Debug\Exceptions->errorHandler(2, 'include(header_view.php): Failed to open stream: No such file or directory', 'APPPATH/Views/welcome_message.php', 1)
 2 APPPATH/Views/welcome_message.php(1): include()
 3 SYSTEMPATH/View/View.php(213): include('APPPATH/Views/welcome_message.php')
 4 SYSTEMPATH/View/View.php(216): CodeIgniter\View\View->CodeIgniter\View\{closure}()
 5 SYSTEMPATH/Common.php(1134): CodeIgniter\View\View->render('welcome_message', [], true)
 6 APPPATH/Controllers/Home.php(9): view('welcome_message')
 7 SYSTEMPATH/CodeIgniter.php(927): App\Controllers\Home->index()
 8 SYSTEMPATH/CodeIgniter.php(482): CodeIgniter\CodeIgniter->runController(Object(App\Controllers\Home))
 9 SYSTEMPATH/CodeIgniter.php(351): CodeIgniter\CodeIgniter->handleRequest(null, Object(Config\Cache), false)
10 FCPATH/index.php(67): CodeIgniter\CodeIgniter->run()
CRITICAL - 2022-11-10 01:57:28 --> include(./header_view.php): Failed to open stream: No such file or directory
in APPPATH/Views/welcome_message.php on line 1.
 1 APPPATH/Views/welcome_message.php(1): CodeIgniter\Debug\Exceptions->errorHandler(2, 'include(./header_view.php): Failed to open stream: No such file or directory', 'APPPATH/Views/welcome_message.php', 1)
 2 APPPATH/Views/welcome_message.php(1): include()
 3 SYSTEMPATH/View/View.php(213): include('APPPATH/Views/welcome_message.php')
 4 SYSTEMPATH/View/View.php(216): CodeIgniter\View\View->CodeIgniter\View\{closure}()
 5 SYSTEMPATH/Common.php(1134): CodeIgniter\View\View->render('welcome_message', [], true)
 6 APPPATH/Controllers/Home.php(9): view('welcome_message')
 7 SYSTEMPATH/CodeIgniter.php(927): App\Controllers\Home->index()
 8 SYSTEMPATH/CodeIgniter.php(482): CodeIgniter\CodeIgniter->runController(Object(App\Controllers\Home))
 9 SYSTEMPATH/CodeIgniter.php(351): CodeIgniter\CodeIgniter->handleRequest(null, Object(Config\Cache), false)
10 FCPATH/index.php(67): CodeIgniter\CodeIgniter->run()
CRITICAL - 2022-11-10 01:57:29 --> include(./header_view.php): Failed to open stream: No such file or directory
in APPPATH/Views/welcome_message.php on line 1.
 1 APPPATH/Views/welcome_message.php(1): CodeIgniter\Debug\Exceptions->errorHandler(2, 'include(./header_view.php): Failed to open stream: No such file or directory', 'APPPATH/Views/welcome_message.php', 1)
 2 APPPATH/Views/welcome_message.php(1): include()
 3 SYSTEMPATH/View/View.php(213): include('APPPATH/Views/welcome_message.php')
 4 SYSTEMPATH/View/View.php(216): CodeIgniter\View\View->CodeIgniter\View\{closure}()
 5 SYSTEMPATH/Common.php(1134): CodeIgniter\View\View->render('welcome_message', [], true)
 6 APPPATH/Controllers/Home.php(9): view('welcome_message')
 7 SYSTEMPATH/CodeIgniter.php(927): App\Controllers\Home->index()
 8 SYSTEMPATH/CodeIgniter.php(482): CodeIgniter\CodeIgniter->runController(Object(App\Controllers\Home))
 9 SYSTEMPATH/CodeIgniter.php(351): CodeIgniter\CodeIgniter->handleRequest(null, Object(Config\Cache), false)
10 FCPATH/index.php(67): CodeIgniter\CodeIgniter->run()
CRITICAL - 2022-11-10 01:57:29 --> include(./header_view.php): Failed to open stream: No such file or directory
in APPPATH/Views/welcome_message.php on line 1.
 1 APPPATH/Views/welcome_message.php(1): CodeIgniter\Debug\Exceptions->errorHandler(2, 'include(./header_view.php): Failed to open stream: No such file or directory', 'APPPATH/Views/welcome_message.php', 1)
 2 APPPATH/Views/welcome_message.php(1): include()
 3 SYSTEMPATH/View/View.php(213): include('APPPATH/Views/welcome_message.php')
 4 SYSTEMPATH/View/View.php(216): CodeIgniter\View\View->CodeIgniter\View\{closure}()
 5 SYSTEMPATH/Common.php(1134): CodeIgniter\View\View->render('welcome_message', [], true)
 6 APPPATH/Controllers/Home.php(9): view('welcome_message')
 7 SYSTEMPATH/CodeIgniter.php(927): App\Controllers\Home->index()
 8 SYSTEMPATH/CodeIgniter.php(482): CodeIgniter\CodeIgniter->runController(Object(App\Controllers\Home))
 9 SYSTEMPATH/CodeIgniter.php(351): CodeIgniter\CodeIgniter->handleRequest(null, Object(Config\Cache), false)
10 FCPATH/index.php(67): CodeIgniter\CodeIgniter->run()
CRITICAL - 2022-11-10 02:00:15 --> Invalid file: header_view.php
in SYSTEMPATH/Exceptions/FrameworkException.php on line 33.
 1 SYSTEMPATH/View/View.php(201): CodeIgniter\Exceptions\FrameworkException::forInvalidFile('header_view.php')
 2 SYSTEMPATH/Common.php(1134): CodeIgniter\View\View->render('header_view.php', [], true)
 3 APPPATH/Views/welcome_message.php(5): view('header_view.php')
 4 SYSTEMPATH/View/View.php(213): include('APPPATH/Views/welcome_message.php')
 5 SYSTEMPATH/View/View.php(216): CodeIgniter\View\View->CodeIgniter\View\{closure}()
 6 SYSTEMPATH/Common.php(1134): CodeIgniter\View\View->render('welcome_message', [], true)
 7 APPPATH/Controllers/Home.php(9): view('welcome_message')
 8 SYSTEMPATH/CodeIgniter.php(927): App\Controllers\Home->index()
 9 SYSTEMPATH/CodeIgniter.php(482): CodeIgniter\CodeIgniter->runController(Object(App\Controllers\Home))
10 SYSTEMPATH/CodeIgniter.php(351): CodeIgniter\CodeIgniter->handleRequest(null, Object(Config\Cache), false)
11 FCPATH/index.php(67): CodeIgniter\CodeIgniter->run()
CRITICAL - 2022-11-10 02:00:16 --> Invalid file: header_view.php
in SYSTEMPATH/Exceptions/FrameworkException.php on line 33.
 1 SYSTEMPATH/View/View.php(201): CodeIgniter\Exceptions\FrameworkException::forInvalidFile('header_view.php')
 2 SYSTEMPATH/Common.php(1134): CodeIgniter\View\View->render('header_view.php', [], true)
 3 APPPATH/Views/welcome_message.php(5): view('header_view.php')
 4 SYSTEMPATH/View/View.php(213): include('APPPATH/Views/welcome_message.php')
 5 SYSTEMPATH/View/View.php(216): CodeIgniter\View\View->CodeIgniter\View\{closure}()
 6 SYSTEMPATH/Common.php(1134): CodeIgniter\View\View->render('welcome_message', [], true)
 7 APPPATH/Controllers/Home.php(9): view('welcome_message')
 8 SYSTEMPATH/CodeIgniter.php(927): App\Controllers\Home->index()
 9 SYSTEMPATH/CodeIgniter.php(482): CodeIgniter\CodeIgniter->runController(Object(App\Controllers\Home))
10 SYSTEMPATH/CodeIgniter.php(351): CodeIgniter\CodeIgniter->handleRequest(null, Object(Config\Cache), false)
11 FCPATH/index.php(67): CodeIgniter\CodeIgniter->run()
CRITICAL - 2022-11-10 02:00:40 --> Invalid file: header_view.php
in SYSTEMPATH/Exceptions/FrameworkException.php on line 33.
 1 SYSTEMPATH/View/View.php(201): CodeIgniter\Exceptions\FrameworkException::forInvalidFile('header_view.php')
 2 SYSTEMPATH/Common.php(1134): CodeIgniter\View\View->render('header_view', [], true)
 3 APPPATH/Views/welcome_message.php(5): view('header_view')
 4 SYSTEMPATH/View/View.php(213): include('APPPATH/Views/welcome_message.php')
 5 SYSTEMPATH/View/View.php(216): CodeIgniter\View\View->CodeIgniter\View\{closure}()
 6 SYSTEMPATH/Common.php(1134): CodeIgniter\View\View->render('welcome_message', [], true)
 7 APPPATH/Controllers/Home.php(9): view('welcome_message')
 8 SYSTEMPATH/CodeIgniter.php(927): App\Controllers\Home->index()
 9 SYSTEMPATH/CodeIgniter.php(482): CodeIgniter\CodeIgniter->runController(Object(App\Controllers\Home))
10 SYSTEMPATH/CodeIgniter.php(351): CodeIgniter\CodeIgniter->handleRequest(null, Object(Config\Cache), false)
11 FCPATH/index.php(67): CodeIgniter\CodeIgniter->run()
CRITICAL - 2022-11-10 02:00:41 --> Invalid file: header_view.php
in SYSTEMPATH/Exceptions/FrameworkException.php on line 33.
 1 SYSTEMPATH/View/View.php(201): CodeIgniter\Exceptions\FrameworkException::forInvalidFile('header_view.php')
 2 SYSTEMPATH/Common.php(1134): CodeIgniter\View\View->render('header_view', [], true)
 3 APPPATH/Views/welcome_message.php(5): view('header_view')
 4 SYSTEMPATH/View/View.php(213): include('APPPATH/Views/welcome_message.php')
 5 SYSTEMPATH/View/View.php(216): CodeIgniter\View\View->CodeIgniter\View\{closure}()
 6 SYSTEMPATH/Common.php(1134): CodeIgniter\View\View->render('welcome_message', [], true)
 7 APPPATH/Controllers/Home.php(9): view('welcome_message')
 8 SYSTEMPATH/CodeIgniter.php(927): App\Controllers\Home->index()
 9 SYSTEMPATH/CodeIgniter.php(482): CodeIgniter\CodeIgniter->runController(Object(App\Controllers\Home))
10 SYSTEMPATH/CodeIgniter.php(351): CodeIgniter\CodeIgniter->handleRequest(null, Object(Config\Cache), false)
11 FCPATH/index.php(67): CodeIgniter\CodeIgniter->run()
CRITICAL - 2022-11-10 02:00:42 --> Invalid file: header_view.php
in SYSTEMPATH/Exceptions/FrameworkException.php on line 33.
 1 SYSTEMPATH/View/View.php(201): CodeIgniter\Exceptions\FrameworkException::forInvalidFile('header_view.php')
 2 SYSTEMPATH/Common.php(1134): CodeIgniter\View\View->render('header_view', [], true)
 3 APPPATH/Views/welcome_message.php(5): view('header_view')
 4 SYSTEMPATH/View/View.php(213): include('APPPATH/Views/welcome_message.php')
 5 SYSTEMPATH/View/View.php(216): CodeIgniter\View\View->CodeIgniter\View\{closure}()
 6 SYSTEMPATH/Common.php(1134): CodeIgniter\View\View->render('welcome_message', [], true)
 7 APPPATH/Controllers/Home.php(9): view('welcome_message')
 8 SYSTEMPATH/CodeIgniter.php(927): App\Controllers\Home->index()
 9 SYSTEMPATH/CodeIgniter.php(482): CodeIgniter\CodeIgniter->runController(Object(App\Controllers\Home))
10 SYSTEMPATH/CodeIgniter.php(351): CodeIgniter\CodeIgniter->handleRequest(null, Object(Config\Cache), false)
11 FCPATH/index.php(67): CodeIgniter\CodeIgniter->run()
CRITICAL - 2022-11-10 02:01:02 --> Undefined property: CodeIgniter\View\View::$load
in APPPATH/Views/welcome_message.php on line 5.
 1 APPPATH/Views/welcome_message.php(5): CodeIgniter\Debug\Exceptions->errorHandler(2, 'Undefined property: CodeIgniter\\View\\View::$load', 'APPPATH/Views/welcome_message.php', 5)
 2 SYSTEMPATH/View/View.php(213): include('APPPATH/Views/welcome_message.php')
 3 SYSTEMPATH/View/View.php(216): CodeIgniter\View\View->CodeIgniter\View\{closure}()
 4 SYSTEMPATH/Common.php(1134): CodeIgniter\View\View->render('welcome_message', [], true)
 5 APPPATH/Controllers/Home.php(9): view('welcome_message')
 6 SYSTEMPATH/CodeIgniter.php(927): App\Controllers\Home->index()
 7 SYSTEMPATH/CodeIgniter.php(482): CodeIgniter\CodeIgniter->runController(Object(App\Controllers\Home))
 8 SYSTEMPATH/CodeIgniter.php(351): CodeIgniter\CodeIgniter->handleRequest(null, Object(Config\Cache), false)
 9 FCPATH/index.php(67): CodeIgniter\CodeIgniter->run()
CRITICAL - 2022-11-10 02:01:03 --> Undefined property: CodeIgniter\View\View::$load
in APPPATH/Views/welcome_message.php on line 5.
 1 APPPATH/Views/welcome_message.php(5): CodeIgniter\Debug\Exceptions->errorHandler(2, 'Undefined property: CodeIgniter\\View\\View::$load', 'APPPATH/Views/welcome_message.php', 5)
 2 SYSTEMPATH/View/View.php(213): include('APPPATH/Views/welcome_message.php')
 3 SYSTEMPATH/View/View.php(216): CodeIgniter\View\View->CodeIgniter\View\{closure}()
 4 SYSTEMPATH/Common.php(1134): CodeIgniter\View\View->render('welcome_message', [], true)
 5 APPPATH/Controllers/Home.php(9): view('welcome_message')
 6 SYSTEMPATH/CodeIgniter.php(927): App\Controllers\Home->index()
 7 SYSTEMPATH/CodeIgniter.php(482): CodeIgniter\CodeIgniter->runController(Object(App\Controllers\Home))
 8 SYSTEMPATH/CodeIgniter.php(351): CodeIgniter\CodeIgniter->handleRequest(null, Object(Config\Cache), false)
 9 FCPATH/index.php(67): CodeIgniter\CodeIgniter->run()
CRITICAL - 2022-11-10 02:01:18 --> Call to undefined method CodeIgniter\View\View::view()
in APPPATH/Views/welcome_message.php on line 5.
 1 SYSTEMPATH/View/View.php(213): include()
 2 SYSTEMPATH/View/View.php(216): CodeIgniter\View\View->CodeIgniter\View\{closure}()
 3 SYSTEMPATH/Common.php(1134): CodeIgniter\View\View->render('welcome_message', [], true)
 4 APPPATH/Controllers/Home.php(9): view('welcome_message')
 5 SYSTEMPATH/CodeIgniter.php(927): App\Controllers\Home->index()
 6 SYSTEMPATH/CodeIgniter.php(482): CodeIgniter\CodeIgniter->runController(Object(App\Controllers\Home))
 7 SYSTEMPATH/CodeIgniter.php(351): CodeIgniter\CodeIgniter->handleRequest(null, Object(Config\Cache), false)
 8 FCPATH/index.php(67): CodeIgniter\CodeIgniter->run()
CRITICAL - 2022-11-10 02:01:18 --> Call to undefined method CodeIgniter\View\View::view()
in APPPATH/Views/welcome_message.php on line 5.
 1 SYSTEMPATH/View/View.php(213): include()
 2 SYSTEMPATH/View/View.php(216): CodeIgniter\View\View->CodeIgniter\View\{closure}()
 3 SYSTEMPATH/Common.php(1134): CodeIgniter\View\View->render('welcome_message', [], true)
 4 APPPATH/Controllers/Home.php(9): view('welcome_message')
 5 SYSTEMPATH/CodeIgniter.php(927): App\Controllers\Home->index()
 6 SYSTEMPATH/CodeIgniter.php(482): CodeIgniter\CodeIgniter->runController(Object(App\Controllers\Home))
 7 SYSTEMPATH/CodeIgniter.php(351): CodeIgniter\CodeIgniter->handleRequest(null, Object(Config\Cache), false)
 8 FCPATH/index.php(67): CodeIgniter\CodeIgniter->run()
CRITICAL - 2022-11-10 02:01:19 --> Call to undefined method CodeIgniter\View\View::view()
in APPPATH/Views/welcome_message.php on line 5.
 1 SYSTEMPATH/View/View.php(213): include()
 2 SYSTEMPATH/View/View.php(216): CodeIgniter\View\View->CodeIgniter\View\{closure}()
 3 SYSTEMPATH/Common.php(1134): CodeIgniter\View\View->render('welcome_message', [], true)
 4 APPPATH/Controllers/Home.php(9): view('welcome_message')
 5 SYSTEMPATH/CodeIgniter.php(927): App\Controllers\Home->index()
 6 SYSTEMPATH/CodeIgniter.php(482): CodeIgniter\CodeIgniter->runController(Object(App\Controllers\Home))
 7 SYSTEMPATH/CodeIgniter.php(351): CodeIgniter\CodeIgniter->handleRequest(null, Object(Config\Cache), false)
 8 FCPATH/index.php(67): CodeIgniter\CodeIgniter->run()
CRITICAL - 2022-11-10 02:03:42 --> Invalid file: welcome_message.php
in SYSTEMPATH/Exceptions/FrameworkException.php on line 33.
 1 SYSTEMPATH/View/View.php(201): CodeIgniter\Exceptions\FrameworkException::forInvalidFile('welcome_message.php')
 2 SYSTEMPATH/Common.php(1134): CodeIgniter\View\View->render('welcome_message', [], true)
 3 APPPATH/Controllers/Home.php(9): view('welcome_message')
 4 SYSTEMPATH/CodeIgniter.php(927): App\Controllers\Home->index()
 5 SYSTEMPATH/CodeIgniter.php(482): CodeIgniter\CodeIgniter->runController(Object(App\Controllers\Home))
 6 SYSTEMPATH/CodeIgniter.php(351): CodeIgniter\CodeIgniter->handleRequest(null, Object(Config\Cache), false)
 7 FCPATH/index.php(67): CodeIgniter\CodeIgniter->run()
CRITICAL - 2022-11-10 02:03:43 --> Invalid file: welcome_message.php
in SYSTEMPATH/Exceptions/FrameworkException.php on line 33.
 1 SYSTEMPATH/View/View.php(201): CodeIgniter\Exceptions\FrameworkException::forInvalidFile('welcome_message.php')
 2 SYSTEMPATH/Common.php(1134): CodeIgniter\View\View->render('welcome_message', [], true)
 3 APPPATH/Controllers/Home.php(9): view('welcome_message')
 4 SYSTEMPATH/CodeIgniter.php(927): App\Controllers\Home->index()
 5 SYSTEMPATH/CodeIgniter.php(482): CodeIgniter\CodeIgniter->runController(Object(App\Controllers\Home))
 6 SYSTEMPATH/CodeIgniter.php(351): CodeIgniter\CodeIgniter->handleRequest(null, Object(Config\Cache), false)
 7 FCPATH/index.php(67): CodeIgniter\CodeIgniter->run()
CRITICAL - 2022-11-10 02:06:09 --> Undefined property: CodeIgniter\View\View::$load
in APPPATH/Views/client.php on line 5.
 1 APPPATH/Views/client.php(5): CodeIgniter\Debug\Exceptions->errorHandler(2, 'Undefined property: CodeIgniter\\View\\View::$load', 'APPPATH/Views/client.php', 5)
 2 SYSTEMPATH/View/View.php(213): include('APPPATH/Views/client.php')
 3 SYSTEMPATH/View/View.php(216): CodeIgniter\View\View->CodeIgniter\View\{closure}()
 4 SYSTEMPATH/Common.php(1134): CodeIgniter\View\View->render('client', [], true)
 5 APPPATH/Controllers/Home.php(9): view('client')
 6 SYSTEMPATH/CodeIgniter.php(927): App\Controllers\Home->index()
 7 SYSTEMPATH/CodeIgniter.php(482): CodeIgniter\CodeIgniter->runController(Object(App\Controllers\Home))
 8 SYSTEMPATH/CodeIgniter.php(351): CodeIgniter\CodeIgniter->handleRequest(null, Object(Config\Cache), false)
 9 FCPATH/index.php(67): CodeIgniter\CodeIgniter->run()
CRITICAL - 2022-11-10 02:06:18 --> Undefined property: CodeIgniter\View\View::$load
in APPPATH/Views/client.php on line 5.
 1 APPPATH/Views/client.php(5): CodeIgniter\Debug\Exceptions->errorHandler(2, 'Undefined property: CodeIgniter\\View\\View::$load', 'APPPATH/Views/client.php', 5)
 2 SYSTEMPATH/View/View.php(213): include('APPPATH/Views/client.php')
 3 SYSTEMPATH/View/View.php(216): CodeIgniter\View\View->CodeIgniter\View\{closure}()
 4 SYSTEMPATH/Common.php(1134): CodeIgniter\View\View->render('client', [], true)
 5 APPPATH/Controllers/Home.php(9): view('client')
 6 SYSTEMPATH/CodeIgniter.php(927): App\Controllers\Home->index()
 7 SYSTEMPATH/CodeIgniter.php(482): CodeIgniter\CodeIgniter->runController(Object(App\Controllers\Home))
 8 SYSTEMPATH/CodeIgniter.php(351): CodeIgniter\CodeIgniter->handleRequest(null, Object(Config\Cache), false)
 9 FCPATH/index.php(67): CodeIgniter\CodeIgniter->run()
CRITICAL - 2022-11-10 02:06:19 --> Undefined property: CodeIgniter\View\View::$load
in APPPATH/Views/client.php on line 5.
 1 APPPATH/Views/client.php(5): CodeIgniter\Debug\Exceptions->errorHandler(2, 'Undefined property: CodeIgniter\\View\\View::$load', 'APPPATH/Views/client.php', 5)
 2 SYSTEMPATH/View/View.php(213): include('APPPATH/Views/client.php')
 3 SYSTEMPATH/View/View.php(216): CodeIgniter\View\View->CodeIgniter\View\{closure}()
 4 SYSTEMPATH/Common.php(1134): CodeIgniter\View\View->render('client', [], true)
 5 APPPATH/Controllers/Home.php(9): view('client')
 6 SYSTEMPATH/CodeIgniter.php(927): App\Controllers\Home->index()
 7 SYSTEMPATH/CodeIgniter.php(482): CodeIgniter\CodeIgniter->runController(Object(App\Controllers\Home))
 8 SYSTEMPATH/CodeIgniter.php(351): CodeIgniter\CodeIgniter->handleRequest(null, Object(Config\Cache), false)
 9 FCPATH/index.php(67): CodeIgniter\CodeIgniter->run()
CRITICAL - 2022-11-10 02:06:19 --> Undefined property: CodeIgniter\View\View::$load
in APPPATH/Views/client.php on line 5.
 1 APPPATH/Views/client.php(5): CodeIgniter\Debug\Exceptions->errorHandler(2, 'Undefined property: CodeIgniter\\View\\View::$load', 'APPPATH/Views/client.php', 5)
 2 SYSTEMPATH/View/View.php(213): include('APPPATH/Views/client.php')
 3 SYSTEMPATH/View/View.php(216): CodeIgniter\View\View->CodeIgniter\View\{closure}()
 4 SYSTEMPATH/Common.php(1134): CodeIgniter\View\View->render('client', [], true)
 5 APPPATH/Controllers/Home.php(9): view('client')
 6 SYSTEMPATH/CodeIgniter.php(927): App\Controllers\Home->index()
 7 SYSTEMPATH/CodeIgniter.php(482): CodeIgniter\CodeIgniter->runController(Object(App\Controllers\Home))
 8 SYSTEMPATH/CodeIgniter.php(351): CodeIgniter\CodeIgniter->handleRequest(null, Object(Config\Cache), false)
 9 FCPATH/index.php(67): CodeIgniter\CodeIgniter->run()
CRITICAL - 2022-11-10 02:08:37 --> Undefined property: CodeIgniter\View\View::$load
in APPPATH/Views/client.php on line 5.
 1 APPPATH/Views/client.php(5): CodeIgniter\Debug\Exceptions->errorHandler(2, 'Undefined property: CodeIgniter\\View\\View::$load', 'APPPATH/Views/client.php', 5)
 2 SYSTEMPATH/View/View.php(213): include('APPPATH/Views/client.php')
 3 SYSTEMPATH/View/View.php(216): CodeIgniter\View\View->CodeIgniter\View\{closure}()
 4 SYSTEMPATH/Common.php(1134): CodeIgniter\View\View->render('client', [], true)
 5 APPPATH/Controllers/Home.php(9): view('client')
 6 SYSTEMPATH/CodeIgniter.php(927): App\Controllers\Home->index()
 7 SYSTEMPATH/CodeIgniter.php(482): CodeIgniter\CodeIgniter->runController(Object(App\Controllers\Home))
 8 SYSTEMPATH/CodeIgniter.php(351): CodeIgniter\CodeIgniter->handleRequest(null, Object(Config\Cache), false)
 9 FCPATH/index.php(67): CodeIgniter\CodeIgniter->run()
CRITICAL - 2022-11-10 02:10:12 --> include(header_view.php): Failed to open stream: No such file or directory
in APPPATH/Views/client.php on line 1.
 1 APPPATH/Views/client.php(1): CodeIgniter\Debug\Exceptions->errorHandler(2, 'include(header_view.php): Failed to open stream: No such file or directory', 'APPPATH/Views/client.php', 1)
 2 APPPATH/Views/client.php(1): include()
 3 SYSTEMPATH/View/View.php(213): include('APPPATH/Views/client.php')
 4 SYSTEMPATH/View/View.php(216): CodeIgniter\View\View->CodeIgniter\View\{closure}()
 5 SYSTEMPATH/Common.php(1134): CodeIgniter\View\View->render('client', [], true)
 6 APPPATH/Controllers/Home.php(9): view('client')
 7 SYSTEMPATH/CodeIgniter.php(927): App\Controllers\Home->index()
 8 SYSTEMPATH/CodeIgniter.php(482): CodeIgniter\CodeIgniter->runController(Object(App\Controllers\Home))
 9 SYSTEMPATH/CodeIgniter.php(351): CodeIgniter\CodeIgniter->handleRequest(null, Object(Config\Cache), false)
10 FCPATH/index.php(67): CodeIgniter\CodeIgniter->run()
CRITICAL - 2022-11-10 02:10:14 --> include(header_view.php): Failed to open stream: No such file or directory
in APPPATH/Views/client.php on line 1.
 1 APPPATH/Views/client.php(1): CodeIgniter\Debug\Exceptions->errorHandler(2, 'include(header_view.php): Failed to open stream: No such file or directory', 'APPPATH/Views/client.php', 1)
 2 APPPATH/Views/client.php(1): include()
 3 SYSTEMPATH/View/View.php(213): include('APPPATH/Views/client.php')
 4 SYSTEMPATH/View/View.php(216): CodeIgniter\View\View->CodeIgniter\View\{closure}()
 5 SYSTEMPATH/Common.php(1134): CodeIgniter\View\View->render('client', [], true)
 6 APPPATH/Controllers/Home.php(9): view('client')
 7 SYSTEMPATH/CodeIgniter.php(927): App\Controllers\Home->index()
 8 SYSTEMPATH/CodeIgniter.php(482): CodeIgniter\CodeIgniter->runController(Object(App\Controllers\Home))
 9 SYSTEMPATH/CodeIgniter.php(351): CodeIgniter\CodeIgniter->handleRequest(null, Object(Config\Cache), false)
10 FCPATH/index.php(67): CodeIgniter\CodeIgniter->run()
CRITICAL - 2022-11-10 02:10:14 --> include(header_view.php): Failed to open stream: No such file or directory
in APPPATH/Views/client.php on line 1.
 1 APPPATH/Views/client.php(1): CodeIgniter\Debug\Exceptions->errorHandler(2, 'include(header_view.php): Failed to open stream: No such file or directory', 'APPPATH/Views/client.php', 1)
 2 APPPATH/Views/client.php(1): include()
 3 SYSTEMPATH/View/View.php(213): include('APPPATH/Views/client.php')
 4 SYSTEMPATH/View/View.php(216): CodeIgniter\View\View->CodeIgniter\View\{closure}()
 5 SYSTEMPATH/Common.php(1134): CodeIgniter\View\View->render('client', [], true)
 6 APPPATH/Controllers/Home.php(9): view('client')
 7 SYSTEMPATH/CodeIgniter.php(927): App\Controllers\Home->index()
 8 SYSTEMPATH/CodeIgniter.php(482): CodeIgniter\CodeIgniter->runController(Object(App\Controllers\Home))
 9 SYSTEMPATH/CodeIgniter.php(351): CodeIgniter\CodeIgniter->handleRequest(null, Object(Config\Cache), false)
10 FCPATH/index.php(67): CodeIgniter\CodeIgniter->run()
CRITICAL - 2022-11-10 02:10:35 --> include(/header_view.php): Failed to open stream: No such file or directory
in APPPATH/Views/client.php on line 1.
 1 APPPATH/Views/client.php(1): CodeIgniter\Debug\Exceptions->errorHandler(2, 'include(/header_view.php): Failed to open stream: No such file or directory', 'APPPATH/Views/client.php', 1)
 2 APPPATH/Views/client.php(1): include()
 3 SYSTEMPATH/View/View.php(213): include('APPPATH/Views/client.php')
 4 SYSTEMPATH/View/View.php(216): CodeIgniter\View\View->CodeIgniter\View\{closure}()
 5 SYSTEMPATH/Common.php(1134): CodeIgniter\View\View->render('client', [], true)
 6 APPPATH/Controllers/Home.php(9): view('client')
 7 SYSTEMPATH/CodeIgniter.php(927): App\Controllers\Home->index()
 8 SYSTEMPATH/CodeIgniter.php(482): CodeIgniter\CodeIgniter->runController(Object(App\Controllers\Home))
 9 SYSTEMPATH/CodeIgniter.php(351): CodeIgniter\CodeIgniter->handleRequest(null, Object(Config\Cache), false)
10 FCPATH/index.php(67): CodeIgniter\CodeIgniter->run()
CRITICAL - 2022-11-10 02:10:40 --> include(./header_view.php): Failed to open stream: No such file or directory
in APPPATH/Views/client.php on line 1.
 1 APPPATH/Views/client.php(1): CodeIgniter\Debug\Exceptions->errorHandler(2, 'include(./header_view.php): Failed to open stream: No such file or directory', 'APPPATH/Views/client.php', 1)
 2 APPPATH/Views/client.php(1): include()
 3 SYSTEMPATH/View/View.php(213): include('APPPATH/Views/client.php')
 4 SYSTEMPATH/View/View.php(216): CodeIgniter\View\View->CodeIgniter\View\{closure}()
 5 SYSTEMPATH/Common.php(1134): CodeIgniter\View\View->render('client', [], true)
 6 APPPATH/Controllers/Home.php(9): view('client')
 7 SYSTEMPATH/CodeIgniter.php(927): App\Controllers\Home->index()
 8 SYSTEMPATH/CodeIgniter.php(482): CodeIgniter\CodeIgniter->runController(Object(App\Controllers\Home))
 9 SYSTEMPATH/CodeIgniter.php(351): CodeIgniter\CodeIgniter->handleRequest(null, Object(Config\Cache), false)
10 FCPATH/index.php(67): CodeIgniter\CodeIgniter->run()
CRITICAL - 2022-11-10 02:10:41 --> include(./header_view.php): Failed to open stream: No such file or directory
in APPPATH/Views/client.php on line 1.
 1 APPPATH/Views/client.php(1): CodeIgniter\Debug\Exceptions->errorHandler(2, 'include(./header_view.php): Failed to open stream: No such file or directory', 'APPPATH/Views/client.php', 1)
 2 APPPATH/Views/client.php(1): include()
 3 SYSTEMPATH/View/View.php(213): include('APPPATH/Views/client.php')
 4 SYSTEMPATH/View/View.php(216): CodeIgniter\View\View->CodeIgniter\View\{closure}()
 5 SYSTEMPATH/Common.php(1134): CodeIgniter\View\View->render('client', [], true)
 6 APPPATH/Controllers/Home.php(9): view('client')
 7 SYSTEMPATH/CodeIgniter.php(927): App\Controllers\Home->index()
 8 SYSTEMPATH/CodeIgniter.php(482): CodeIgniter\CodeIgniter->runController(Object(App\Controllers\Home))
 9 SYSTEMPATH/CodeIgniter.php(351): CodeIgniter\CodeIgniter->handleRequest(null, Object(Config\Cache), false)
10 FCPATH/index.php(67): CodeIgniter\CodeIgniter->run()
CRITICAL - 2022-11-10 02:10:41 --> include(./header_view.php): Failed to open stream: No such file or directory
in APPPATH/Views/client.php on line 1.
 1 APPPATH/Views/client.php(1): CodeIgniter\Debug\Exceptions->errorHandler(2, 'include(./header_view.php): Failed to open stream: No such file or directory', 'APPPATH/Views/client.php', 1)
 2 APPPATH/Views/client.php(1): include()
 3 SYSTEMPATH/View/View.php(213): include('APPPATH/Views/client.php')
 4 SYSTEMPATH/View/View.php(216): CodeIgniter\View\View->CodeIgniter\View\{closure}()
 5 SYSTEMPATH/Common.php(1134): CodeIgniter\View\View->render('client', [], true)
 6 APPPATH/Controllers/Home.php(9): view('client')
 7 SYSTEMPATH/CodeIgniter.php(927): App\Controllers\Home->index()
 8 SYSTEMPATH/CodeIgniter.php(482): CodeIgniter\CodeIgniter->runController(Object(App\Controllers\Home))
 9 SYSTEMPATH/CodeIgniter.php(351): CodeIgniter\CodeIgniter->handleRequest(null, Object(Config\Cache), false)
10 FCPATH/index.php(67): CodeIgniter\CodeIgniter->run()
CRITICAL - 2022-11-10 02:11:31 --> include(./header_view.php): Failed to open stream: No such file or directory
in APPPATH/Views/client.php on line 1.
 1 APPPATH/Views/client.php(1): CodeIgniter\Debug\Exceptions->errorHandler(2, 'include(./header_view.php): Failed to open stream: No such file or directory', 'APPPATH/Views/client.php', 1)
 2 APPPATH/Views/client.php(1): include()
 3 SYSTEMPATH/View/View.php(213): include('APPPATH/Views/client.php')
 4 SYSTEMPATH/View/View.php(216): CodeIgniter\View\View->CodeIgniter\View\{closure}()
 5 SYSTEMPATH/Common.php(1134): CodeIgniter\View\View->render('client', [], true)
 6 APPPATH/Controllers/Home.php(9): view('client')
 7 SYSTEMPATH/CodeIgniter.php(927): App\Controllers\Home->index()
 8 SYSTEMPATH/CodeIgniter.php(482): CodeIgniter\CodeIgniter->runController(Object(App\Controllers\Home))
 9 SYSTEMPATH/CodeIgniter.php(351): CodeIgniter\CodeIgniter->handleRequest(null, Object(Config\Cache), false)
10 FCPATH/index.php(67): CodeIgniter\CodeIgniter->run()
CRITICAL - 2022-11-10 02:11:39 --> include(./header_view.php): Failed to open stream: No such file or directory
in APPPATH/Views/client.php on line 1.
 1 APPPATH/Views/client.php(1): CodeIgniter\Debug\Exceptions->errorHandler(2, 'include(./header_view.php): Failed to open stream: No such file or directory', 'APPPATH/Views/client.php', 1)
 2 APPPATH/Views/client.php(1): include()
 3 SYSTEMPATH/View/View.php(213): include('APPPATH/Views/client.php')
 4 SYSTEMPATH/View/View.php(216): CodeIgniter\View\View->CodeIgniter\View\{closure}()
 5 SYSTEMPATH/Common.php(1134): CodeIgniter\View\View->render('client', [], true)
 6 APPPATH/Controllers/Home.php(9): view('client')
 7 SYSTEMPATH/CodeIgniter.php(927): App\Controllers\Home->index()
 8 SYSTEMPATH/CodeIgniter.php(482): CodeIgniter\CodeIgniter->runController(Object(App\Controllers\Home))
 9 SYSTEMPATH/CodeIgniter.php(351): CodeIgniter\CodeIgniter->handleRequest(null, Object(Config\Cache), false)
10 FCPATH/index.php(67): CodeIgniter\CodeIgniter->run()
CRITICAL - 2022-11-10 02:11:40 --> include(./header_view.php): Failed to open stream: No such file or directory
in APPPATH/Views/client.php on line 1.
 1 APPPATH/Views/client.php(1): CodeIgniter\Debug\Exceptions->errorHandler(2, 'include(./header_view.php): Failed to open stream: No such file or directory', 'APPPATH/Views/client.php', 1)
 2 APPPATH/Views/client.php(1): include()
 3 SYSTEMPATH/View/View.php(213): include('APPPATH/Views/client.php')
 4 SYSTEMPATH/View/View.php(216): CodeIgniter\View\View->CodeIgniter\View\{closure}()
 5 SYSTEMPATH/Common.php(1134): CodeIgniter\View\View->render('client', [], true)
 6 APPPATH/Controllers/Home.php(9): view('client')
 7 SYSTEMPATH/CodeIgniter.php(927): App\Controllers\Home->index()
 8 SYSTEMPATH/CodeIgniter.php(482): CodeIgniter\CodeIgniter->runController(Object(App\Controllers\Home))
 9 SYSTEMPATH/CodeIgniter.php(351): CodeIgniter\CodeIgniter->handleRequest(null, Object(Config\Cache), false)
10 FCPATH/index.php(67): CodeIgniter\CodeIgniter->run()
CRITICAL - 2022-11-10 02:11:40 --> include(./header_view.php): Failed to open stream: No such file or directory
in APPPATH/Views/client.php on line 1.
 1 APPPATH/Views/client.php(1): CodeIgniter\Debug\Exceptions->errorHandler(2, 'include(./header_view.php): Failed to open stream: No such file or directory', 'APPPATH/Views/client.php', 1)
 2 APPPATH/Views/client.php(1): include()
 3 SYSTEMPATH/View/View.php(213): include('APPPATH/Views/client.php')
 4 SYSTEMPATH/View/View.php(216): CodeIgniter\View\View->CodeIgniter\View\{closure}()
 5 SYSTEMPATH/Common.php(1134): CodeIgniter\View\View->render('client', [], true)
 6 APPPATH/Controllers/Home.php(9): view('client')
 7 SYSTEMPATH/CodeIgniter.php(927): App\Controllers\Home->index()
 8 SYSTEMPATH/CodeIgniter.php(482): CodeIgniter\CodeIgniter->runController(Object(App\Controllers\Home))
 9 SYSTEMPATH/CodeIgniter.php(351): CodeIgniter\CodeIgniter->handleRequest(null, Object(Config\Cache), false)
10 FCPATH/index.php(67): CodeIgniter\CodeIgniter->run()
CRITICAL - 2022-11-10 02:11:40 --> include(./header_view.php): Failed to open stream: No such file or directory
in APPPATH/Views/client.php on line 1.
 1 APPPATH/Views/client.php(1): CodeIgniter\Debug\Exceptions->errorHandler(2, 'include(./header_view.php): Failed to open stream: No such file or directory', 'APPPATH/Views/client.php', 1)
 2 APPPATH/Views/client.php(1): include()
 3 SYSTEMPATH/View/View.php(213): include('APPPATH/Views/client.php')
 4 SYSTEMPATH/View/View.php(216): CodeIgniter\View\View->CodeIgniter\View\{closure}()
 5 SYSTEMPATH/Common.php(1134): CodeIgniter\View\View->render('client', [], true)
 6 APPPATH/Controllers/Home.php(9): view('client')
 7 SYSTEMPATH/CodeIgniter.php(927): App\Controllers\Home->index()
 8 SYSTEMPATH/CodeIgniter.php(482): CodeIgniter\CodeIgniter->runController(Object(App\Controllers\Home))
 9 SYSTEMPATH/CodeIgniter.php(351): CodeIgniter\CodeIgniter->handleRequest(null, Object(Config\Cache), false)
10 FCPATH/index.php(67): CodeIgniter\CodeIgniter->run()
CRITICAL - 2022-11-10 02:11:41 --> include(./header_view.php): Failed to open stream: No such file or directory
in APPPATH/Views/client.php on line 1.
 1 APPPATH/Views/client.php(1): CodeIgniter\Debug\Exceptions->errorHandler(2, 'include(./header_view.php): Failed to open stream: No such file or directory', 'APPPATH/Views/client.php', 1)
 2 APPPATH/Views/client.php(1): include()
 3 SYSTEMPATH/View/View.php(213): include('APPPATH/Views/client.php')
 4 SYSTEMPATH/View/View.php(216): CodeIgniter\View\View->CodeIgniter\View\{closure}()
 5 SYSTEMPATH/Common.php(1134): CodeIgniter\View\View->render('client', [], true)
 6 APPPATH/Controllers/Home.php(9): view('client')
 7 SYSTEMPATH/CodeIgniter.php(927): App\Controllers\Home->index()
 8 SYSTEMPATH/CodeIgniter.php(482): CodeIgniter\CodeIgniter->runController(Object(App\Controllers\Home))
 9 SYSTEMPATH/CodeIgniter.php(351): CodeIgniter\CodeIgniter->handleRequest(null, Object(Config\Cache), false)
10 FCPATH/index.php(67): CodeIgniter\CodeIgniter->run()
CRITICAL - 2022-11-10 02:11:41 --> include(./header_view.php): Failed to open stream: No such file or directory
in APPPATH/Views/client.php on line 1.
 1 APPPATH/Views/client.php(1): CodeIgniter\Debug\Exceptions->errorHandler(2, 'include(./header_view.php): Failed to open stream: No such file or directory', 'APPPATH/Views/client.php', 1)
 2 APPPATH/Views/client.php(1): include()
 3 SYSTEMPATH/View/View.php(213): include('APPPATH/Views/client.php')
 4 SYSTEMPATH/View/View.php(216): CodeIgniter\View\View->CodeIgniter\View\{closure}()
 5 SYSTEMPATH/Common.php(1134): CodeIgniter\View\View->render('client', [], true)
 6 APPPATH/Controllers/Home.php(9): view('client')
 7 SYSTEMPATH/CodeIgniter.php(927): App\Controllers\Home->index()
 8 SYSTEMPATH/CodeIgniter.php(482): CodeIgniter\CodeIgniter->runController(Object(App\Controllers\Home))
 9 SYSTEMPATH/CodeIgniter.php(351): CodeIgniter\CodeIgniter->handleRequest(null, Object(Config\Cache), false)
10 FCPATH/index.php(67): CodeIgniter\CodeIgniter->run()
CRITICAL - 2022-11-10 02:11:57 --> include(header_view.php): Failed to open stream: No such file or directory
in APPPATH/Views/client.php on line 1.
 1 APPPATH/Views/client.php(1): CodeIgniter\Debug\Exceptions->errorHandler(2, 'include(header_view.php): Failed to open stream: No such file or directory', 'APPPATH/Views/client.php', 1)
 2 APPPATH/Views/client.php(1): include()
 3 SYSTEMPATH/View/View.php(213): include('APPPATH/Views/client.php')
 4 SYSTEMPATH/View/View.php(216): CodeIgniter\View\View->CodeIgniter\View\{closure}()
 5 SYSTEMPATH/Common.php(1134): CodeIgniter\View\View->render('client', [], true)
 6 APPPATH/Controllers/Home.php(9): view('client')
 7 SYSTEMPATH/CodeIgniter.php(927): App\Controllers\Home->index()
 8 SYSTEMPATH/CodeIgniter.php(482): CodeIgniter\CodeIgniter->runController(Object(App\Controllers\Home))
 9 SYSTEMPATH/CodeIgniter.php(351): CodeIgniter\CodeIgniter->handleRequest(null, Object(Config\Cache), false)
10 FCPATH/index.php(67): CodeIgniter\CodeIgniter->run()
CRITICAL - 2022-11-10 02:11:58 --> include(header_view.php): Failed to open stream: No such file or directory
in APPPATH/Views/client.php on line 1.
 1 APPPATH/Views/client.php(1): CodeIgniter\Debug\Exceptions->errorHandler(2, 'include(header_view.php): Failed to open stream: No such file or directory', 'APPPATH/Views/client.php', 1)
 2 APPPATH/Views/client.php(1): include()
 3 SYSTEMPATH/View/View.php(213): include('APPPATH/Views/client.php')
 4 SYSTEMPATH/View/View.php(216): CodeIgniter\View\View->CodeIgniter\View\{closure}()
 5 SYSTEMPATH/Common.php(1134): CodeIgniter\View\View->render('client', [], true)
 6 APPPATH/Controllers/Home.php(9): view('client')
 7 SYSTEMPATH/CodeIgniter.php(927): App\Controllers\Home->index()
 8 SYSTEMPATH/CodeIgniter.php(482): CodeIgniter\CodeIgniter->runController(Object(App\Controllers\Home))
 9 SYSTEMPATH/CodeIgniter.php(351): CodeIgniter\CodeIgniter->handleRequest(null, Object(Config\Cache), false)
10 FCPATH/index.php(67): CodeIgniter\CodeIgniter->run()
CRITICAL - 2022-11-10 02:11:58 --> include(header_view.php): Failed to open stream: No such file or directory
in APPPATH/Views/client.php on line 1.
 1 APPPATH/Views/client.php(1): CodeIgniter\Debug\Exceptions->errorHandler(2, 'include(header_view.php): Failed to open stream: No such file or directory', 'APPPATH/Views/client.php', 1)
 2 APPPATH/Views/client.php(1): include()
 3 SYSTEMPATH/View/View.php(213): include('APPPATH/Views/client.php')
 4 SYSTEMPATH/View/View.php(216): CodeIgniter\View\View->CodeIgniter\View\{closure}()
 5 SYSTEMPATH/Common.php(1134): CodeIgniter\View\View->render('client', [], true)
 6 APPPATH/Controllers/Home.php(9): view('client')
 7 SYSTEMPATH/CodeIgniter.php(927): App\Controllers\Home->index()
 8 SYSTEMPATH/CodeIgniter.php(482): CodeIgniter\CodeIgniter->runController(Object(App\Controllers\Home))
 9 SYSTEMPATH/CodeIgniter.php(351): CodeIgniter\CodeIgniter->handleRequest(null, Object(Config\Cache), false)
10 FCPATH/index.php(67): CodeIgniter\CodeIgniter->run()
CRITICAL - 2022-11-10 02:11:58 --> include(header_view.php): Failed to open stream: No such file or directory
in APPPATH/Views/client.php on line 1.
 1 APPPATH/Views/client.php(1): CodeIgniter\Debug\Exceptions->errorHandler(2, 'include(header_view.php): Failed to open stream: No such file or directory', 'APPPATH/Views/client.php', 1)
 2 APPPATH/Views/client.php(1): include()
 3 SYSTEMPATH/View/View.php(213): include('APPPATH/Views/client.php')
 4 SYSTEMPATH/View/View.php(216): CodeIgniter\View\View->CodeIgniter\View\{closure}()
 5 SYSTEMPATH/Common.php(1134): CodeIgniter\View\View->render('client', [], true)
 6 APPPATH/Controllers/Home.php(9): view('client')
 7 SYSTEMPATH/CodeIgniter.php(927): App\Controllers\Home->index()
 8 SYSTEMPATH/CodeIgniter.php(482): CodeIgniter\CodeIgniter->runController(Object(App\Controllers\Home))
 9 SYSTEMPATH/CodeIgniter.php(351): CodeIgniter\CodeIgniter->handleRequest(null, Object(Config\Cache), false)
10 FCPATH/index.php(67): CodeIgniter\CodeIgniter->run()
CRITICAL - 2022-11-10 02:11:59 --> include(header_view.php): Failed to open stream: No such file or directory
in APPPATH/Views/client.php on line 1.
 1 APPPATH/Views/client.php(1): CodeIgniter\Debug\Exceptions->errorHandler(2, 'include(header_view.php): Failed to open stream: No such file or directory', 'APPPATH/Views/client.php', 1)
 2 APPPATH/Views/client.php(1): include()
 3 SYSTEMPATH/View/View.php(213): include('APPPATH/Views/client.php')
 4 SYSTEMPATH/View/View.php(216): CodeIgniter\View\View->CodeIgniter\View\{closure}()
 5 SYSTEMPATH/Common.php(1134): CodeIgniter\View\View->render('client', [], true)
 6 APPPATH/Controllers/Home.php(9): view('client')
 7 SYSTEMPATH/CodeIgniter.php(927): App\Controllers\Home->index()
 8 SYSTEMPATH/CodeIgniter.php(482): CodeIgniter\CodeIgniter->runController(Object(App\Controllers\Home))
 9 SYSTEMPATH/CodeIgniter.php(351): CodeIgniter\CodeIgniter->handleRequest(null, Object(Config\Cache), false)
10 FCPATH/index.php(67): CodeIgniter\CodeIgniter->run()
