CRITICAL - 2022-12-01 09:44:57 --> Undefined variable $title
in APPPATH/Views/admin/header.php on line 8.
 1 APPPATH/Views/admin/header.php(8): CodeIgniter\Debug\Exceptions->errorHandler(2, 'Undefined variable $title', 'APPPATH/Views/admin/header.php', 8)
 2 APPPATH/Views/admin/login_screen.php(1): include('APPPATH/Views/admin/header.php')
 3 SYSTEMPATH/View/View.php(213): include('APPPATH/Views/admin/login_screen.php')
 4 SYSTEMPATH/View/View.php(216): CodeIgniter\View\View->CodeIgniter\View\{closure}()
 5 SYSTEMPATH/Common.php(1134): CodeIgniter\View\View->render('admin/login_screen', [], true)
 6 APPPATH/Controllers/Admin.php(68): view('admin/login_screen')
 7 SYSTEMPATH/CodeIgniter.php(927): App\Controllers\Admin->login()
 8 SYSTEMPATH/CodeIgniter.php(482): CodeIgniter\CodeIgniter->runController(Object(App\Controllers\Admin))
 9 SYSTEMPATH/CodeIgniter.php(351): CodeIgniter\CodeIgniter->handleRequest(null, Object(Config\Cache), false)
10 FCPATH/index.php(67): CodeIgniter\CodeIgniter->run()
11 SYSTEMPATH/Commands/Server/rewrite.php(46): require_once('FCPATH/index.php')
CRITICAL - 2022-12-01 09:45:50 --> Undefined variable $title
in APPPATH/Views/admin/header.php on line 8.
 1 APPPATH/Views/admin/header.php(8): CodeIgniter\Debug\Exceptions->errorHandler(2, 'Undefined variable $title', 'APPPATH/Views/admin/header.php', 8)
 2 APPPATH/Views/admin/login_screen.php(1): include('APPPATH/Views/admin/header.php')
 3 SYSTEMPATH/View/View.php(213): include('APPPATH/Views/admin/login_screen.php')
 4 SYSTEMPATH/View/View.php(216): CodeIgniter\View\View->CodeIgniter\View\{closure}()
 5 SYSTEMPATH/Common.php(1134): CodeIgniter\View\View->render('admin/login_screen', [], true)
 6 APPPATH/Controllers/Admin.php(68): view('admin/login_screen')
 7 SYSTEMPATH/CodeIgniter.php(927): App\Controllers\Admin->login()
 8 SYSTEMPATH/CodeIgniter.php(482): CodeIgniter\CodeIgniter->runController(Object(App\Controllers\Admin))
 9 SYSTEMPATH/CodeIgniter.php(351): CodeIgniter\CodeIgniter->handleRequest(null, Object(Config\Cache), false)
10 FCPATH/index.php(67): CodeIgniter\CodeIgniter->run()
11 SYSTEMPATH/Commands/Server/rewrite.php(46): require_once('FCPATH/index.php')
CRITICAL - 2022-12-01 09:46:19 --> Undefined variable $active_menu
in APPPATH/Views/admin/top_nav.php on line 9.
 1 APPPATH/Views/admin/top_nav.php(9): CodeIgniter\Debug\Exceptions->errorHandler(2, 'Undefined variable $active_menu', 'APPPATH/Views/admin/top_nav.php', 9)
 2 APPPATH/Views/admin/header.php(38): include('APPPATH/Views/admin/top_nav.php')
 3 APPPATH/Views/admin/login_screen.php(1): include('APPPATH/Views/admin/header.php')
 4 SYSTEMPATH/View/View.php(213): include('APPPATH/Views/admin/login_screen.php')
 5 SYSTEMPATH/View/View.php(216): CodeIgniter\View\View->CodeIgniter\View\{closure}()
 6 SYSTEMPATH/Common.php(1134): CodeIgniter\View\View->render('admin/login_screen', [], true)
 7 APPPATH/Controllers/Admin.php(74): view('admin/login_screen', [...])
 8 SYSTEMPATH/CodeIgniter.php(927): App\Controllers\Admin->login()
 9 SYSTEMPATH/CodeIgniter.php(482): CodeIgniter\CodeIgniter->runController(Object(App\Controllers\Admin))
10 SYSTEMPATH/CodeIgniter.php(351): CodeIgniter\CodeIgniter->handleRequest(null, Object(Config\Cache), false)
11 FCPATH/index.php(67): CodeIgniter\CodeIgniter->run()
12 SYSTEMPATH/Commands/Server/rewrite.php(46): require_once('FCPATH/index.php')
CRITICAL - 2022-12-01 10:22:04 --> Undefined variable $request
in APPPATH/Controllers/Admin.php on line 86.
 1 APPPATH/Controllers/Admin.php(86): CodeIgniter\Debug\Exceptions->errorHandler(2, 'Undefined variable $request', 'APPPATH/Controllers/Admin.php', 86)
 2 SYSTEMPATH/CodeIgniter.php(927): App\Controllers\Admin->authorize()
 3 SYSTEMPATH/CodeIgniter.php(482): CodeIgniter\CodeIgniter->runController(Object(App\Controllers\Admin))
 4 SYSTEMPATH/CodeIgniter.php(351): CodeIgniter\CodeIgniter->handleRequest(null, Object(Config\Cache), false)
 5 FCPATH/index.php(67): CodeIgniter\CodeIgniter->run()
 6 SYSTEMPATH/Commands/Server/rewrite.php(46): require_once('FCPATH/index.php')
CRITICAL - 2022-12-01 10:24:50 --> Undefined property: CodeIgniter\View\View::$session
in APPPATH/Views/admin/header.php on line 1.
 1 APPPATH/Views/admin/header.php(1): CodeIgniter\Debug\Exceptions->errorHandler(2, 'Undefined property: CodeIgniter\\View\\View::$session', 'APPPATH/Views/admin/header.php', 1)
 2 APPPATH/Views/admin/main_page.php(1): include('APPPATH/Views/admin/header.php')
 3 SYSTEMPATH/View/View.php(213): include('APPPATH/Views/admin/main_page.php')
 4 SYSTEMPATH/View/View.php(216): CodeIgniter\View\View->CodeIgniter\View\{closure}()
 5 SYSTEMPATH/Common.php(1134): CodeIgniter\View\View->render('admin/main_page', [], true)
 6 APPPATH/Controllers/Admin.php(39): view('admin/main_page', [...])
 7 SYSTEMPATH/CodeIgniter.php(927): App\Controllers\Admin->index()
 8 SYSTEMPATH/CodeIgniter.php(482): CodeIgniter\CodeIgniter->runController(Object(App\Controllers\Admin))
 9 SYSTEMPATH/CodeIgniter.php(351): CodeIgniter\CodeIgniter->handleRequest(null, Object(Config\Cache), false)
10 FCPATH/index.php(67): CodeIgniter\CodeIgniter->run()
11 SYSTEMPATH/Commands/Server/rewrite.php(46): require_once('FCPATH/index.php')
CRITICAL - 2022-12-01 10:31:46 --> Call to undefined function App\Controllers\checkUser()
in APPPATH/Controllers/Admin.php on line 36.
 1 SYSTEMPATH/CodeIgniter.php(927): App\Controllers\Admin->index()
 2 SYSTEMPATH/CodeIgniter.php(482): CodeIgniter\CodeIgniter->runController(Object(App\Controllers\Admin))
 3 SYSTEMPATH/CodeIgniter.php(351): CodeIgniter\CodeIgniter->handleRequest(null, Object(Config\Cache), false)
 4 FCPATH/index.php(67): CodeIgniter\CodeIgniter->run()
 5 SYSTEMPATH/Commands/Server/rewrite.php(46): require_once('FCPATH/index.php')
CRITICAL - 2022-12-01 10:37:36 --> Undefined variable $data
in APPPATH/Controllers/Admin.php on line 92.
 1 APPPATH/Controllers/Admin.php(92): CodeIgniter\Debug\Exceptions->errorHandler(2, 'Undefined variable $data', 'APPPATH/Controllers/Admin.php', 92)
 2 SYSTEMPATH/CodeIgniter.php(927): App\Controllers\Admin->logout()
 3 SYSTEMPATH/CodeIgniter.php(482): CodeIgniter\CodeIgniter->runController(Object(App\Controllers\Admin))
 4 SYSTEMPATH/CodeIgniter.php(351): CodeIgniter\CodeIgniter->handleRequest(null, Object(Config\Cache), false)
 5 FCPATH/index.php(67): CodeIgniter\CodeIgniter->run()
 6 SYSTEMPATH/Commands/Server/rewrite.php(46): require_once('FCPATH/index.php')
CRITICAL - 2022-12-01 10:59:19 --> Call to undefined method App\Controllers\Admin::checkUser()
in APPPATH/Controllers/Admin.php on line 58.
 1 SYSTEMPATH/CodeIgniter.php(927): App\Controllers\Admin->users()
 2 SYSTEMPATH/CodeIgniter.php(482): CodeIgniter\CodeIgniter->runController(Object(App\Controllers\Admin))
 3 SYSTEMPATH/CodeIgniter.php(351): CodeIgniter\CodeIgniter->handleRequest(null, Object(Config\Cache), false)
 4 FCPATH/index.php(67): CodeIgniter\CodeIgniter->run()
 5 SYSTEMPATH/Commands/Server/rewrite.php(46): require_once('FCPATH/index.php')
