CRITICAL - 2023-03-01 12:57:41 --> Class 'App\Controllers\HttpRequest' not found
in APPPATH/Controllers/Home.php on line 137.
 1 APPPATH/Controllers/Home.php(94): App\Controllers\Home->sendSMS('22846289')
 2 SYSTEMPATH/CodeIgniter.php(927): App\Controllers\Home->putApplication()
 3 SYSTEMPATH/CodeIgniter.php(482): CodeIgniter\CodeIgniter->runController(Object(App\Controllers\Home))
 4 SYSTEMPATH/CodeIgniter.php(351): CodeIgniter\CodeIgniter->handleRequest(null, Object(Config\Cache), false)
 5 FCPATH/index.php(67): CodeIgniter\CodeIgniter->run()
CRITICAL - 2023-03-01 13:00:54 --> Class 'App\Controllers\HttpRequest' not found
in APPPATH/Controllers/Home.php on line 137.
 1 APPPATH/Controllers/Home.php(94): App\Controllers\Home->sendSMS('22846289')
 2 SYSTEMPATH/CodeIgniter.php(927): App\Controllers\Home->putApplication()
 3 SYSTEMPATH/CodeIgniter.php(482): CodeIgniter\CodeIgniter->runController(Object(App\Controllers\Home))
 4 SYSTEMPATH/CodeIgniter.php(351): CodeIgniter\CodeIgniter->handleRequest(null, Object(Config\Cache), false)
 5 FCPATH/index.php(67): CodeIgniter\CodeIgniter->run()
CRITICAL - 2023-03-01 13:04:07 --> Class 'App\Controllers\HttpRequest' not found
in APPPATH/Controllers/Home.php on line 137.
 1 APPPATH/Controllers/Home.php(94): App\Controllers\Home->sendSMS('22846289')
 2 SYSTEMPATH/CodeIgniter.php(927): App\Controllers\Home->putApplication()
 3 SYSTEMPATH/CodeIgniter.php(482): CodeIgniter\CodeIgniter->runController(Object(App\Controllers\Home))
 4 SYSTEMPATH/CodeIgniter.php(351): CodeIgniter\CodeIgniter->handleRequest(null, Object(Config\Cache), false)
 5 FCPATH/index.php(67): CodeIgniter\CodeIgniter->run()
ERROR - 2023-03-01 19:25:18 --> mysqli_sql_exception: Unknown column 'meistari.pakalpojuma_id' in 'on clause' in /Applications/MAMP/htdocs/skolas_pieteikumi_codeigniter/system/Database/MySQLi/Connection.php:292
Stack trace:
#0 /Applications/MAMP/htdocs/skolas_pieteikumi_codeigniter/system/Database/MySQLi/Connection.php(292): mysqli->query('SELECT *\nFROM `...', 0)
#1 /Applications/MAMP/htdocs/skolas_pieteikumi_codeigniter/system/Database/BaseConnection.php(666): CodeIgniter\Database\MySQLi\Connection->execute('SELECT *\nFROM `...')
#2 /Applications/MAMP/htdocs/skolas_pieteikumi_codeigniter/system/Database/BaseConnection.php(593): CodeIgniter\Database\BaseConnection->simpleQuery('SELECT *\nFROM `...')
#3 /Applications/MAMP/htdocs/skolas_pieteikumi_codeigniter/system/Database/BaseBuilder.php(1585): CodeIgniter\Database\BaseConnection->query('SELECT *\nFROM `...', Array, false)
#4 /Applications/MAMP/htdocs/skolas_pieteikumi_codeigniter/app/Controllers/Admin.php(67): CodeIgniter\Database\BaseBuilder->get()
#5 /Applications/MAMP/htdocs/skolas_pieteikumi_codeigniter/system/CodeIgniter.php(927): App\Controllers\Admin->users()
#6 /Applications/MAMP/htdocs/skolas_pieteikumi_codeigniter/system/CodeIgniter.php(482): CodeIgniter\CodeIgniter->runController(Object(App\Controllers\Admin))
#7 /Applications/MAMP/htdocs/skolas_pieteikumi_codeigniter/system/CodeIgniter.php(351): CodeIgniter\CodeIgniter->handleRequest(NULL, Object(Config\Cache), false)
#8 /Applications/MAMP/htdocs/skolas_pieteikumi_codeigniter/public/index.php(67): CodeIgniter\CodeIgniter->run()
#9 {main}
CRITICAL - 2023-03-01 19:25:18 --> Call to a member function getResultArray() on bool
in APPPATH/Controllers/Admin.php on line 72.
 1 SYSTEMPATH/CodeIgniter.php(927): App\Controllers\Admin->users()
 2 SYSTEMPATH/CodeIgniter.php(482): CodeIgniter\CodeIgniter->runController(Object(App\Controllers\Admin))
 3 SYSTEMPATH/CodeIgniter.php(351): CodeIgniter\CodeIgniter->handleRequest(null, Object(Config\Cache), false)
 4 FCPATH/index.php(67): CodeIgniter\CodeIgniter->run()
ERROR - 2023-03-01 19:25:41 --> mysqli_sql_exception: Unknown column 'meistari.pakalpojuma_id' in 'on clause' in /Applications/MAMP/htdocs/skolas_pieteikumi_codeigniter/system/Database/MySQLi/Connection.php:292
Stack trace:
#0 /Applications/MAMP/htdocs/skolas_pieteikumi_codeigniter/system/Database/MySQLi/Connection.php(292): mysqli->query('SELECT *\nFROM `...', 0)
#1 /Applications/MAMP/htdocs/skolas_pieteikumi_codeigniter/system/Database/BaseConnection.php(666): CodeIgniter\Database\MySQLi\Connection->execute('SELECT *\nFROM `...')
#2 /Applications/MAMP/htdocs/skolas_pieteikumi_codeigniter/system/Database/BaseConnection.php(593): CodeIgniter\Database\BaseConnection->simpleQuery('SELECT *\nFROM `...')
#3 /Applications/MAMP/htdocs/skolas_pieteikumi_codeigniter/system/Database/BaseBuilder.php(1585): CodeIgniter\Database\BaseConnection->query('SELECT *\nFROM `...', Array, false)
#4 /Applications/MAMP/htdocs/skolas_pieteikumi_codeigniter/app/Controllers/Admin.php(67): CodeIgniter\Database\BaseBuilder->get()
#5 /Applications/MAMP/htdocs/skolas_pieteikumi_codeigniter/system/CodeIgniter.php(927): App\Controllers\Admin->users()
#6 /Applications/MAMP/htdocs/skolas_pieteikumi_codeigniter/system/CodeIgniter.php(482): CodeIgniter\CodeIgniter->runController(Object(App\Controllers\Admin))
#7 /Applications/MAMP/htdocs/skolas_pieteikumi_codeigniter/system/CodeIgniter.php(351): CodeIgniter\CodeIgniter->handleRequest(NULL, Object(Config\Cache), false)
#8 /Applications/MAMP/htdocs/skolas_pieteikumi_codeigniter/public/index.php(67): CodeIgniter\CodeIgniter->run()
#9 {main}
CRITICAL - 2023-03-01 19:25:41 --> Unknown column 'meistari.pakalpojuma_id' in 'on clause'
in SYSTEMPATH/Database/MySQLi/Connection.php on line 292.
 1 SYSTEMPATH/Database/MySQLi/Connection.php(292): mysqli->query('SELECT *
FROM `meistari`
JOIN `pakalpojumi` ON `pakalpojumi`.`id` = `meistari`.`pakalpojuma_id`', 0)
 2 SYSTEMPATH/Database/BaseConnection.php(666): CodeIgniter\Database\MySQLi\Connection->execute('SELECT *
FROM `meistari`
JOIN `pakalpojumi` ON `pakalpojumi`.`id` = `meistari`.`pakalpojuma_id`')
 3 SYSTEMPATH/Database/BaseConnection.php(593): CodeIgniter\Database\BaseConnection->simpleQuery('SELECT *
FROM `meistari`
JOIN `pakalpojumi` ON `pakalpojumi`.`id` = `meistari`.`pakalpojuma_id`')
 4 SYSTEMPATH/Database/BaseBuilder.php(1585): CodeIgniter\Database\BaseConnection->query('SELECT *
FROM `meistari`
JOIN `pakalpojumi` ON `pakalpojumi`.`id` = `meistari`.`pakalpojuma_id`', [], false)
 5 APPPATH/Controllers/Admin.php(67): CodeIgniter\Database\BaseBuilder->get()
 6 SYSTEMPATH/CodeIgniter.php(927): App\Controllers\Admin->users()
 7 SYSTEMPATH/CodeIgniter.php(482): CodeIgniter\CodeIgniter->runController(Object(App\Controllers\Admin))
 8 SYSTEMPATH/CodeIgniter.php(351): CodeIgniter\CodeIgniter->handleRequest(null, Object(Config\Cache), false)
 9 FCPATH/index.php(67): CodeIgniter\CodeIgniter->run()
CRITICAL - 2023-03-01 19:32:15 --> Undefined index: pieejamas_stundas
in APPPATH/Views/admin/masters_page.php on line 27.
 1 APPPATH/Views/admin/masters_page.php(27): CodeIgniter\Debug\Exceptions->errorHandler(8, 'Undefined index: pieejamas_stundas', 'APPPATH/Views/admin/masters_page.php', 27, [...])
 2 SYSTEMPATH/View/View.php(213): include('APPPATH/Views/admin/masters_page.php')
 3 SYSTEMPATH/View/View.php(216): CodeIgniter\View\View->CodeIgniter\View\{closure}()
 4 SYSTEMPATH/Common.php(1134): CodeIgniter\View\View->render('admin/masters_page', [], true)
 5 APPPATH/Controllers/Admin.php(74): view('admin/masters_page', [...])
 6 SYSTEMPATH/CodeIgniter.php(927): App\Controllers\Admin->users()
 7 SYSTEMPATH/CodeIgniter.php(482): CodeIgniter\CodeIgniter->runController(Object(App\Controllers\Admin))
 8 SYSTEMPATH/CodeIgniter.php(351): CodeIgniter\CodeIgniter->handleRequest(null, Object(Config\Cache), false)
 9 FCPATH/index.php(67): CodeIgniter\CodeIgniter->run()
CRITICAL - 2023-03-01 19:33:00 --> include(../footer.php): failed to open stream: No such file or directory
in APPPATH/Views/admin/masters_page.php on line 43.
 1 APPPATH/Views/admin/masters_page.php(43): CodeIgniter\Debug\Exceptions->errorHandler(2, 'include(../footer.php): failed to open stream: No such file or directory', 'APPPATH/Views/admin/masters_page.php', 43, [...])
 2 APPPATH/Views/admin/masters_page.php(43): include()
 3 SYSTEMPATH/View/View.php(213): include('APPPATH/Views/admin/masters_page.php')
 4 SYSTEMPATH/View/View.php(216): CodeIgniter\View\View->CodeIgniter\View\{closure}()
 5 SYSTEMPATH/Common.php(1134): CodeIgniter\View\View->render('admin/masters_page', [], true)
 6 APPPATH/Controllers/Admin.php(74): view('admin/masters_page', [...])
 7 SYSTEMPATH/CodeIgniter.php(927): App\Controllers\Admin->users()
 8 SYSTEMPATH/CodeIgniter.php(482): CodeIgniter\CodeIgniter->runController(Object(App\Controllers\Admin))
 9 SYSTEMPATH/CodeIgniter.php(351): CodeIgniter\CodeIgniter->handleRequest(null, Object(Config\Cache), false)
10 FCPATH/index.php(67): CodeIgniter\CodeIgniter->run()
CRITICAL - 2023-03-01 19:33:13 --> include(./footer.php): failed to open stream: No such file or directory
in APPPATH/Views/admin/masters_page.php on line 43.
 1 APPPATH/Views/admin/masters_page.php(43): CodeIgniter\Debug\Exceptions->errorHandler(2, 'include(./footer.php): failed to open stream: No such file or directory', 'APPPATH/Views/admin/masters_page.php', 43, [...])
 2 APPPATH/Views/admin/masters_page.php(43): include()
 3 SYSTEMPATH/View/View.php(213): include('APPPATH/Views/admin/masters_page.php')
 4 SYSTEMPATH/View/View.php(216): CodeIgniter\View\View->CodeIgniter\View\{closure}()
 5 SYSTEMPATH/Common.php(1134): CodeIgniter\View\View->render('admin/masters_page', [], true)
 6 APPPATH/Controllers/Admin.php(74): view('admin/masters_page', [...])
 7 SYSTEMPATH/CodeIgniter.php(927): App\Controllers\Admin->users()
 8 SYSTEMPATH/CodeIgniter.php(482): CodeIgniter\CodeIgniter->runController(Object(App\Controllers\Admin))
 9 SYSTEMPATH/CodeIgniter.php(351): CodeIgniter\CodeIgniter->handleRequest(null, Object(Config\Cache), false)
10 FCPATH/index.php(67): CodeIgniter\CodeIgniter->run()
