ERROR - 2023-02-22 13:58:37 --> mysqli_sql_exception: Table 'rsmt_pakalpojumi.masters' doesn't exist in /Applications/MAMP/htdocs/skolas_pieteikumi_codeigniter/system/Database/MySQLi/Connection.php:292
Stack trace:
#0 /Applications/MAMP/htdocs/skolas_pieteikumi_codeigniter/system/Database/MySQLi/Connection.php(292): mysqli->query('SELECT *\nFROM `...', 0)
#1 /Applications/MAMP/htdocs/skolas_pieteikumi_codeigniter/system/Database/BaseConnection.php(666): CodeIgniter\Database\MySQLi\Connection->execute('SELECT *\nFROM `...')
#2 /Applications/MAMP/htdocs/skolas_pieteikumi_codeigniter/system/Database/BaseConnection.php(593): CodeIgniter\Database\BaseConnection->simpleQuery('SELECT *\nFROM `...')
#3 /Applications/MAMP/htdocs/skolas_pieteikumi_codeigniter/system/Database/BaseBuilder.php(1585): CodeIgniter\Database\BaseConnection->query('SELECT *\nFROM `...', Array, false)
#4 /Applications/MAMP/htdocs/skolas_pieteikumi_codeigniter/app/Controllers/Home.php(45): CodeIgniter\Database\BaseBuilder->get()
#5 /Applications/MAMP/htdocs/skolas_pieteikumi_codeigniter/system/CodeIgniter.php(927): App\Controllers\Home->get_masters('1', '1')
#6 /Applications/MAMP/htdocs/skolas_pieteikumi_codeigniter/system/CodeIgniter.php(482): CodeIgniter\CodeIgniter->runController(Object(App\Controllers\Home))
#7 /Applications/MAMP/htdocs/skolas_pieteikumi_codeigniter/system/CodeIgniter.php(351): CodeIgniter\CodeIgniter->handleRequest(NULL, Object(Config\Cache), false)
#8 /Applications/MAMP/htdocs/skolas_pieteikumi_codeigniter/public/index.php(67): CodeIgniter\CodeIgniter->run()
#9 {main}
CRITICAL - 2023-02-22 13:58:37 --> Table 'rsmt_pakalpojumi.masters' doesn't exist
in SYSTEMPATH/Database/MySQLi/Connection.php on line 292.
 1 SYSTEMPATH/Database/MySQLi/Connection.php(292): mysqli->query('SELECT *
FROM `meistari`
LEFT JOIN `masters` ON `maistari_pakalpojumi`.`Pakalpojumi_id` = `meistari`.`id`
WHERE `pakalpojuma_id` = \'1\'
AND  `pieejamas_dienas` LIKE \'%1%\' ESCAPE \'!\'', 0)
 2 SYSTEMPATH/Database/BaseConnection.php(666): CodeIgniter\Database\MySQLi\Connection->execute('SELECT *
FROM `meistari`
LEFT JOIN `masters` ON `maistari_pakalpojumi`.`Pakalpojumi_id` = `meistari`.`id`
WHERE `pakalpojuma_id` = \'1\'
AND  `pieejamas_dienas` LIKE \'%1%\' ESCAPE \'!\'')
 3 SYSTEMPATH/Database/BaseConnection.php(593): CodeIgniter\Database\BaseConnection->simpleQuery('SELECT *
FROM `meistari`
LEFT JOIN `masters` ON `maistari_pakalpojumi`.`Pakalpojumi_id` = `meistari`.`id`
WHERE `pakalpojuma_id` = \'1\'
AND  `pieejamas_dienas` LIKE \'%1%\' ESCAPE \'!\'')
 4 SYSTEMPATH/Database/BaseBuilder.php(1585): CodeIgniter\Database\BaseConnection->query('SELECT *
FROM `meistari`
LEFT JOIN `masters` ON `maistari_pakalpojumi`.`Pakalpojumi_id` = `meistari`.`id`
WHERE `pakalpojuma_id` = :pakalpojuma_id:
AND  `pieejamas_dienas` LIKE :pieejamas_dienas: ESCAPE \'!\'', [...], false)
 5 APPPATH/Controllers/Home.php(45): CodeIgniter\Database\BaseBuilder->get()
 6 SYSTEMPATH/CodeIgniter.php(927): App\Controllers\Home->get_masters('1', '1')
 7 SYSTEMPATH/CodeIgniter.php(482): CodeIgniter\CodeIgniter->runController(Object(App\Controllers\Home))
 8 SYSTEMPATH/CodeIgniter.php(351): CodeIgniter\CodeIgniter->handleRequest(null, Object(Config\Cache), false)
 9 FCPATH/index.php(67): CodeIgniter\CodeIgniter->run()
ERROR - 2023-02-22 14:03:52 --> mysqli_sql_exception: Table 'rsmt_pakalpojumi.masters' doesn't exist in /Applications/MAMP/htdocs/skolas_pieteikumi_codeigniter/system/Database/MySQLi/Connection.php:292
Stack trace:
#0 /Applications/MAMP/htdocs/skolas_pieteikumi_codeigniter/system/Database/MySQLi/Connection.php(292): mysqli->query('SELECT *\nFROM `...', 0)
#1 /Applications/MAMP/htdocs/skolas_pieteikumi_codeigniter/system/Database/BaseConnection.php(666): CodeIgniter\Database\MySQLi\Connection->execute('SELECT *\nFROM `...')
#2 /Applications/MAMP/htdocs/skolas_pieteikumi_codeigniter/system/Database/BaseConnection.php(593): CodeIgniter\Database\BaseConnection->simpleQuery('SELECT *\nFROM `...')
#3 /Applications/MAMP/htdocs/skolas_pieteikumi_codeigniter/system/Database/BaseBuilder.php(1585): CodeIgniter\Database\BaseConnection->query('SELECT *\nFROM `...', Array, false)
#4 /Applications/MAMP/htdocs/skolas_pieteikumi_codeigniter/app/Controllers/Home.php(45): CodeIgniter\Database\BaseBuilder->get()
#5 /Applications/MAMP/htdocs/skolas_pieteikumi_codeigniter/system/CodeIgniter.php(927): App\Controllers\Home->get_masters('1', '2')
#6 /Applications/MAMP/htdocs/skolas_pieteikumi_codeigniter/system/CodeIgniter.php(482): CodeIgniter\CodeIgniter->runController(Object(App\Controllers\Home))
#7 /Applications/MAMP/htdocs/skolas_pieteikumi_codeigniter/system/CodeIgniter.php(351): CodeIgniter\CodeIgniter->handleRequest(NULL, Object(Config\Cache), false)
#8 /Applications/MAMP/htdocs/skolas_pieteikumi_codeigniter/public/index.php(67): CodeIgniter\CodeIgniter->run()
#9 {main}
CRITICAL - 2023-02-22 14:03:52 --> Table 'rsmt_pakalpojumi.masters' doesn't exist
in SYSTEMPATH/Database/MySQLi/Connection.php on line 292.
 1 SYSTEMPATH/Database/MySQLi/Connection.php(292): mysqli->query('SELECT *
FROM `meistari`
LEFT JOIN `masters` ON `meistari`.`id` = `maistari_pakalpojumi`.`meistars_id`', 0)
 2 SYSTEMPATH/Database/BaseConnection.php(666): CodeIgniter\Database\MySQLi\Connection->execute('SELECT *
FROM `meistari`
LEFT JOIN `masters` ON `meistari`.`id` = `maistari_pakalpojumi`.`meistars_id`')
 3 SYSTEMPATH/Database/BaseConnection.php(593): CodeIgniter\Database\BaseConnection->simpleQuery('SELECT *
FROM `meistari`
LEFT JOIN `masters` ON `meistari`.`id` = `maistari_pakalpojumi`.`meistars_id`')
 4 SYSTEMPATH/Database/BaseBuilder.php(1585): CodeIgniter\Database\BaseConnection->query('SELECT *
FROM `meistari`
LEFT JOIN `masters` ON `meistari`.`id` = `maistari_pakalpojumi`.`meistars_id`', [], false)
 5 APPPATH/Controllers/Home.php(45): CodeIgniter\Database\BaseBuilder->get()
 6 SYSTEMPATH/CodeIgniter.php(927): App\Controllers\Home->get_masters('1', '2')
 7 SYSTEMPATH/CodeIgniter.php(482): CodeIgniter\CodeIgniter->runController(Object(App\Controllers\Home))
 8 SYSTEMPATH/CodeIgniter.php(351): CodeIgniter\CodeIgniter->handleRequest(null, Object(Config\Cache), false)
 9 FCPATH/index.php(67): CodeIgniter\CodeIgniter->run()
ERROR - 2023-02-22 14:04:04 --> mysqli_sql_exception: Table 'rsmt_pakalpojumi.masters' doesn't exist in /Applications/MAMP/htdocs/skolas_pieteikumi_codeigniter/system/Database/MySQLi/Connection.php:292
Stack trace:
#0 /Applications/MAMP/htdocs/skolas_pieteikumi_codeigniter/system/Database/MySQLi/Connection.php(292): mysqli->query('SELECT *\nFROM `...', 0)
#1 /Applications/MAMP/htdocs/skolas_pieteikumi_codeigniter/system/Database/BaseConnection.php(666): CodeIgniter\Database\MySQLi\Connection->execute('SELECT *\nFROM `...')
#2 /Applications/MAMP/htdocs/skolas_pieteikumi_codeigniter/system/Database/BaseConnection.php(593): CodeIgniter\Database\BaseConnection->simpleQuery('SELECT *\nFROM `...')
#3 /Applications/MAMP/htdocs/skolas_pieteikumi_codeigniter/system/Database/BaseBuilder.php(1585): CodeIgniter\Database\BaseConnection->query('SELECT *\nFROM `...', Array, false)
#4 /Applications/MAMP/htdocs/skolas_pieteikumi_codeigniter/app/Controllers/Home.php(45): CodeIgniter\Database\BaseBuilder->get()
#5 /Applications/MAMP/htdocs/skolas_pieteikumi_codeigniter/system/CodeIgniter.php(927): App\Controllers\Home->get_masters('1', '5')
#6 /Applications/MAMP/htdocs/skolas_pieteikumi_codeigniter/system/CodeIgniter.php(482): CodeIgniter\CodeIgniter->runController(Object(App\Controllers\Home))
#7 /Applications/MAMP/htdocs/skolas_pieteikumi_codeigniter/system/CodeIgniter.php(351): CodeIgniter\CodeIgniter->handleRequest(NULL, Object(Config\Cache), false)
#8 /Applications/MAMP/htdocs/skolas_pieteikumi_codeigniter/public/index.php(67): CodeIgniter\CodeIgniter->run()
#9 {main}
CRITICAL - 2023-02-22 14:04:04 --> Table 'rsmt_pakalpojumi.masters' doesn't exist
in SYSTEMPATH/Database/MySQLi/Connection.php on line 292.
 1 SYSTEMPATH/Database/MySQLi/Connection.php(292): mysqli->query('SELECT *
FROM `meistari`
LEFT JOIN `masters` ON `meistari`.`id` = `maistari_pakalpojumi`.`meistars_id`', 0)
 2 SYSTEMPATH/Database/BaseConnection.php(666): CodeIgniter\Database\MySQLi\Connection->execute('SELECT *
FROM `meistari`
LEFT JOIN `masters` ON `meistari`.`id` = `maistari_pakalpojumi`.`meistars_id`')
 3 SYSTEMPATH/Database/BaseConnection.php(593): CodeIgniter\Database\BaseConnection->simpleQuery('SELECT *
FROM `meistari`
LEFT JOIN `masters` ON `meistari`.`id` = `maistari_pakalpojumi`.`meistars_id`')
 4 SYSTEMPATH/Database/BaseBuilder.php(1585): CodeIgniter\Database\BaseConnection->query('SELECT *
FROM `meistari`
LEFT JOIN `masters` ON `meistari`.`id` = `maistari_pakalpojumi`.`meistars_id`', [], false)
 5 APPPATH/Controllers/Home.php(45): CodeIgniter\Database\BaseBuilder->get()
 6 SYSTEMPATH/CodeIgniter.php(927): App\Controllers\Home->get_masters('1', '5')
 7 SYSTEMPATH/CodeIgniter.php(482): CodeIgniter\CodeIgniter->runController(Object(App\Controllers\Home))
 8 SYSTEMPATH/CodeIgniter.php(351): CodeIgniter\CodeIgniter->handleRequest(null, Object(Config\Cache), false)
 9 FCPATH/index.php(67): CodeIgniter\CodeIgniter->run()
ERROR - 2023-02-22 14:04:39 --> mysqli_sql_exception: Not unique table/alias: 'meistari' in /Applications/MAMP/htdocs/skolas_pieteikumi_codeigniter/system/Database/MySQLi/Connection.php:292
Stack trace:
#0 /Applications/MAMP/htdocs/skolas_pieteikumi_codeigniter/system/Database/MySQLi/Connection.php(292): mysqli->query('SELECT *\nFROM `...', 0)
#1 /Applications/MAMP/htdocs/skolas_pieteikumi_codeigniter/system/Database/BaseConnection.php(666): CodeIgniter\Database\MySQLi\Connection->execute('SELECT *\nFROM `...')
#2 /Applications/MAMP/htdocs/skolas_pieteikumi_codeigniter/system/Database/BaseConnection.php(593): CodeIgniter\Database\BaseConnection->simpleQuery('SELECT *\nFROM `...')
#3 /Applications/MAMP/htdocs/skolas_pieteikumi_codeigniter/system/Database/BaseBuilder.php(1585): CodeIgniter\Database\BaseConnection->query('SELECT *\nFROM `...', Array, false)
#4 /Applications/MAMP/htdocs/skolas_pieteikumi_codeigniter/app/Controllers/Home.php(45): CodeIgniter\Database\BaseBuilder->get()
#5 /Applications/MAMP/htdocs/skolas_pieteikumi_codeigniter/system/CodeIgniter.php(927): App\Controllers\Home->get_masters('1', '3')
#6 /Applications/MAMP/htdocs/skolas_pieteikumi_codeigniter/system/CodeIgniter.php(482): CodeIgniter\CodeIgniter->runController(Object(App\Controllers\Home))
#7 /Applications/MAMP/htdocs/skolas_pieteikumi_codeigniter/system/CodeIgniter.php(351): CodeIgniter\CodeIgniter->handleRequest(NULL, Object(Config\Cache), false)
#8 /Applications/MAMP/htdocs/skolas_pieteikumi_codeigniter/public/index.php(67): CodeIgniter\CodeIgniter->run()
#9 {main}
CRITICAL - 2023-02-22 14:04:39 --> Not unique table/alias: 'meistari'
in SYSTEMPATH/Database/MySQLi/Connection.php on line 292.
 1 SYSTEMPATH/Database/MySQLi/Connection.php(292): mysqli->query('SELECT *
FROM `meistari`
LEFT JOIN `meistari` ON `meistari`.`id` = `maistari_pakalpojumi`.`meistars_id`', 0)
 2 SYSTEMPATH/Database/BaseConnection.php(666): CodeIgniter\Database\MySQLi\Connection->execute('SELECT *
FROM `meistari`
LEFT JOIN `meistari` ON `meistari`.`id` = `maistari_pakalpojumi`.`meistars_id`')
 3 SYSTEMPATH/Database/BaseConnection.php(593): CodeIgniter\Database\BaseConnection->simpleQuery('SELECT *
FROM `meistari`
LEFT JOIN `meistari` ON `meistari`.`id` = `maistari_pakalpojumi`.`meistars_id`')
 4 SYSTEMPATH/Database/BaseBuilder.php(1585): CodeIgniter\Database\BaseConnection->query('SELECT *
FROM `meistari`
LEFT JOIN `meistari` ON `meistari`.`id` = `maistari_pakalpojumi`.`meistars_id`', [], false)
 5 APPPATH/Controllers/Home.php(45): CodeIgniter\Database\BaseBuilder->get()
 6 SYSTEMPATH/CodeIgniter.php(927): App\Controllers\Home->get_masters('1', '3')
 7 SYSTEMPATH/CodeIgniter.php(482): CodeIgniter\CodeIgniter->runController(Object(App\Controllers\Home))
 8 SYSTEMPATH/CodeIgniter.php(351): CodeIgniter\CodeIgniter->handleRequest(null, Object(Config\Cache), false)
 9 FCPATH/index.php(67): CodeIgniter\CodeIgniter->run()
ERROR - 2023-02-22 14:14:12 --> mysqli_sql_exception: You have an error in your SQL syntax; check the manual that corresponds to your MySQL server version for the right syntax to use near 'OUTER JOIN `maistari_pakalpojumi` ON `meistari`.`id` = `maistari_pakalpojumi`.`m' at line 3 in /Applications/MAMP/htdocs/skolas_pieteikumi_codeigniter/system/Database/MySQLi/Connection.php:292
Stack trace:
#0 /Applications/MAMP/htdocs/skolas_pieteikumi_codeigniter/system/Database/MySQLi/Connection.php(292): mysqli->query('SELECT *\nFROM `...', 0)
#1 /Applications/MAMP/htdocs/skolas_pieteikumi_codeigniter/system/Database/BaseConnection.php(666): CodeIgniter\Database\MySQLi\Connection->execute('SELECT *\nFROM `...')
#2 /Applications/MAMP/htdocs/skolas_pieteikumi_codeigniter/system/Database/BaseConnection.php(593): CodeIgniter\Database\BaseConnection->simpleQuery('SELECT *\nFROM `...')
#3 /Applications/MAMP/htdocs/skolas_pieteikumi_codeigniter/system/Database/BaseBuilder.php(1585): CodeIgniter\Database\BaseConnection->query('SELECT *\nFROM `...', Array, false)
#4 /Applications/MAMP/htdocs/skolas_pieteikumi_codeigniter/app/Controllers/Home.php(45): CodeIgniter\Database\BaseBuilder->get()
#5 /Applications/MAMP/htdocs/skolas_pieteikumi_codeigniter/system/CodeIgniter.php(927): App\Controllers\Home->get_masters('1', '2')
#6 /Applications/MAMP/htdocs/skolas_pieteikumi_codeigniter/system/CodeIgniter.php(482): CodeIgniter\CodeIgniter->runController(Object(App\Controllers\Home))
#7 /Applications/MAMP/htdocs/skolas_pieteikumi_codeigniter/system/CodeIgniter.php(351): CodeIgniter\CodeIgniter->handleRequest(NULL, Object(Config\Cache), false)
#8 /Applications/MAMP/htdocs/skolas_pieteikumi_codeigniter/public/index.php(67): CodeIgniter\CodeIgniter->run()
#9 {main}
CRITICAL - 2023-02-22 14:14:12 --> You have an error in your SQL syntax; check the manual that corresponds to your MySQL server version for the right syntax to use near 'OUTER JOIN `maistari_pakalpojumi` ON `meistari`.`id` = `maistari_pakalpojumi`.`m' at line 3
in SYSTEMPATH/Database/MySQLi/Connection.php on line 292.
 1 SYSTEMPATH/Database/MySQLi/Connection.php(292): mysqli->query('SELECT *
FROM `meistari`
OUTER JOIN `maistari_pakalpojumi` ON `meistari`.`id` = `maistari_pakalpojumi`.`meistars_id`', 0)
 2 SYSTEMPATH/Database/BaseConnection.php(666): CodeIgniter\Database\MySQLi\Connection->execute('SELECT *
FROM `meistari`
OUTER JOIN `maistari_pakalpojumi` ON `meistari`.`id` = `maistari_pakalpojumi`.`meistars_id`')
 3 SYSTEMPATH/Database/BaseConnection.php(593): CodeIgniter\Database\BaseConnection->simpleQuery('SELECT *
FROM `meistari`
OUTER JOIN `maistari_pakalpojumi` ON `meistari`.`id` = `maistari_pakalpojumi`.`meistars_id`')
 4 SYSTEMPATH/Database/BaseBuilder.php(1585): CodeIgniter\Database\BaseConnection->query('SELECT *
FROM `meistari`
OUTER JOIN `maistari_pakalpojumi` ON `meistari`.`id` = `maistari_pakalpojumi`.`meistars_id`', [], false)
 5 APPPATH/Controllers/Home.php(45): CodeIgniter\Database\BaseBuilder->get()
 6 SYSTEMPATH/CodeIgniter.php(927): App\Controllers\Home->get_masters('1', '2')
 7 SYSTEMPATH/CodeIgniter.php(482): CodeIgniter\CodeIgniter->runController(Object(App\Controllers\Home))
 8 SYSTEMPATH/CodeIgniter.php(351): CodeIgniter\CodeIgniter->handleRequest(null, Object(Config\Cache), false)
 9 FCPATH/index.php(67): CodeIgniter\CodeIgniter->run()
CRITICAL - 2023-02-22 14:28:21 --> Call to undefined method CodeIgniter\Database\MySQLi\Connection::distinct()
in APPPATH/Controllers/Home.php on line 44.
 1 SYSTEMPATH/CodeIgniter.php(927): App\Controllers\Home->get_masters('1', '2')
 2 SYSTEMPATH/CodeIgniter.php(482): CodeIgniter\CodeIgniter->runController(Object(App\Controllers\Home))
 3 SYSTEMPATH/CodeIgniter.php(351): CodeIgniter\CodeIgniter->handleRequest(null, Object(Config\Cache), false)
 4 FCPATH/index.php(67): CodeIgniter\CodeIgniter->run()
ERROR - 2023-02-22 14:37:44 --> Email: Unable to send email using SMTP. Your server might not be configured to send mail using this method.
ERROR - 2023-02-22 14:37:44 --> 220 mail.inbox.lv relay for customers ESMTP ready

hello: 250-mail.inbox.lv relay for customers
250-SIZE 59900000
250-ENHANCEDSTATUSCODES
250-8BITMIME
250-DSN
250 STARTTLS

starttls: 220 2.0.0 Start TLS

hello: 250-mail.inbox.lv relay for customers
250-SIZE 59900000
250-ENHANCEDSTATUSCODES
250-8BITMIME
250-DSN
250 AUTH PLAIN LOGIN

Failed to authenticate password. Error: 535 5.7.0 Invalid login or password

ERROR - 2023-02-22 14:37:49 --> Email: Unable to send email using SMTP. Your server might not be configured to send mail using this method.
ERROR - 2023-02-22 14:37:49 --> 220 mail.inbox.lv relay for customers ESMTP ready

hello: 250-mail.inbox.lv relay for customers
250-SIZE 59900000
250-ENHANCEDSTATUSCODES
250-8BITMIME
250-DSN
250 STARTTLS

starttls: 220 2.0.0 Start TLS

hello: 250-mail.inbox.lv relay for customers
250-SIZE 59900000
250-ENHANCEDSTATUSCODES
250-8BITMIME
250-DSN
250 AUTH PLAIN LOGIN

Failed to authenticate password. Error: 535 5.7.0 Invalid login or password

Unable to send email using SMTP. Your server might not be configured to send mail using this method.
Failed to authenticate password. Error: 
ERROR - 2023-02-22 14:54:45 --> Email: Unable to send email using SMTP. Your server might not be configured to send mail using this method.
ERROR - 2023-02-22 14:54:45 --> 220 mail.inbox.lv relay for customers ESMTP ready

hello: 250-mail.inbox.lv relay for customers
250-SIZE 59900000
250-ENHANCEDSTATUSCODES
250-8BITMIME
250-DSN
250 STARTTLS

starttls: 220 2.0.0 Start TLS

hello: 250-mail.inbox.lv relay for customers
250-SIZE 59900000
250-ENHANCEDSTATUSCODES
250-8BITMIME
250-DSN
250 AUTH PLAIN LOGIN

Failed to authenticate password. Error: 535 5.7.0 Invalid login or password

ERROR - 2023-02-22 14:54:50 --> Email: Unable to send email using SMTP. Your server might not be configured to send mail using this method.
ERROR - 2023-02-22 14:54:50 --> 220 mail.inbox.lv relay for customers ESMTP ready

hello: 250-mail.inbox.lv relay for customers
250-SIZE 59900000
250-ENHANCEDSTATUSCODES
250-8BITMIME
250-DSN
250 STARTTLS

starttls: 220 2.0.0 Start TLS

hello: 250-mail.inbox.lv relay for customers
250-SIZE 59900000
250-ENHANCEDSTATUSCODES
250-8BITMIME
250-DSN
250 AUTH PLAIN LOGIN

Failed to authenticate password. Error: 535 5.7.0 Invalid login or password

Unable to send email using SMTP. Your server might not be configured to send mail using this method.
Failed to authenticate password. Error: 
CRITICAL - 2023-02-22 19:42:29 --> password_hash() expects at least 2 parameters, 1 given
in APPPATH/Controllers/Admin.php on line 138.
 1 [internal function]: CodeIgniter\Debug\Exceptions->errorHandler(2, 'password_hash() expects at least 2 parameters, 1 given', 'APPPATH/Controllers/Admin.php', 138, [...])
 2 APPPATH/Controllers/Admin.php(138): password_hash('12345')
 3 SYSTEMPATH/CodeIgniter.php(927): App\Controllers\Admin->authorize()
 4 SYSTEMPATH/CodeIgniter.php(482): CodeIgniter\CodeIgniter->runController(Object(App\Controllers\Admin))
 5 SYSTEMPATH/CodeIgniter.php(351): CodeIgniter\CodeIgniter->handleRequest(null, Object(Config\Cache), false)
 6 FCPATH/index.php(67): CodeIgniter\CodeIgniter->run()
ERROR - 2023-02-22 20:08:07 --> mysqli_sql_exception: Unknown column 'maistari_pakalpojumi.Pakalpojumi_id' in 'where clause' in /Applications/MAMP/htdocs/skolas_pieteikumi_codeigniter/system/Database/MySQLi/Connection.php:292
Stack trace:
#0 /Applications/MAMP/htdocs/skolas_pieteikumi_codeigniter/system/Database/MySQLi/Connection.php(292): mysqli->query('SELECT *\nFROM `...', 0)
#1 /Applications/MAMP/htdocs/skolas_pieteikumi_codeigniter/system/Database/BaseConnection.php(666): CodeIgniter\Database\MySQLi\Connection->execute('SELECT *\nFROM `...')
#2 /Applications/MAMP/htdocs/skolas_pieteikumi_codeigniter/system/Database/BaseConnection.php(593): CodeIgniter\Database\BaseConnection->simpleQuery('SELECT *\nFROM `...')
#3 /Applications/MAMP/htdocs/skolas_pieteikumi_codeigniter/system/Database/BaseBuilder.php(1585): CodeIgniter\Database\BaseConnection->query('SELECT *\nFROM `...', Array, false)
#4 /Applications/MAMP/htdocs/skolas_pieteikumi_codeigniter/app/Controllers/Home.php(47): CodeIgniter\Database\BaseBuilder->get()
#5 /Applications/MAMP/htdocs/skolas_pieteikumi_codeigniter/system/CodeIgniter.php(927): App\Controllers\Home->get_masters('1', '2')
#6 /Applications/MAMP/htdocs/skolas_pieteikumi_codeigniter/system/CodeIgniter.php(482): CodeIgniter\CodeIgniter->runController(Object(App\Controllers\Home))
#7 /Applications/MAMP/htdocs/skolas_pieteikumi_codeigniter/system/CodeIgniter.php(351): CodeIgniter\CodeIgniter->handleRequest(NULL, Object(Config\Cache), false)
#8 /Applications/MAMP/htdocs/skolas_pieteikumi_codeigniter/public/index.php(67): CodeIgniter\CodeIgniter->run()
#9 {main}
CRITICAL - 2023-02-22 20:08:07 --> Unknown column 'maistari_pakalpojumi.Pakalpojumi_id' in 'where clause'
in SYSTEMPATH/Database/MySQLi/Connection.php on line 292.
 1 SYSTEMPATH/Database/MySQLi/Connection.php(292): mysqli->query('SELECT *
FROM `meistari_pakalpojumi`
LEFT JOIN `meistari` ON `meistari_pakalpojumi`.`meistars_id` = `meistari`.`id`
WHERE `maistari_pakalpojumi`.`Pakalpojumi_id` = \'1\'
AND  `meistari`.`pieejamas_dienas` LIKE \'%2%\' ESCAPE \'!\'', 0)
 2 SYSTEMPATH/Database/BaseConnection.php(666): CodeIgniter\Database\MySQLi\Connection->execute('SELECT *
FROM `meistari_pakalpojumi`
LEFT JOIN `meistari` ON `meistari_pakalpojumi`.`meistars_id` = `meistari`.`id`
WHERE `maistari_pakalpojumi`.`Pakalpojumi_id` = \'1\'
AND  `meistari`.`pieejamas_dienas` LIKE \'%2%\' ESCAPE \'!\'')
 3 SYSTEMPATH/Database/BaseConnection.php(593): CodeIgniter\Database\BaseConnection->simpleQuery('SELECT *
FROM `meistari_pakalpojumi`
LEFT JOIN `meistari` ON `meistari_pakalpojumi`.`meistars_id` = `meistari`.`id`
WHERE `maistari_pakalpojumi`.`Pakalpojumi_id` = \'1\'
AND  `meistari`.`pieejamas_dienas` LIKE \'%2%\' ESCAPE \'!\'')
 4 SYSTEMPATH/Database/BaseBuilder.php(1585): CodeIgniter\Database\BaseConnection->query('SELECT *
FROM `meistari_pakalpojumi`
LEFT JOIN `meistari` ON `meistari_pakalpojumi`.`meistars_id` = `meistari`.`id`
WHERE `maistari_pakalpojumi`.`Pakalpojumi_id` = :maistari_pakalpojumi.Pakalpojumi_id:
AND  `meistari`.`pieejamas_dienas` LIKE :meistari.pieejamas_dienas: ESCAPE \'!\'', [...], false)
 5 APPPATH/Controllers/Home.php(47): CodeIgniter\Database\BaseBuilder->get()
 6 SYSTEMPATH/CodeIgniter.php(927): App\Controllers\Home->get_masters('1', '2')
 7 SYSTEMPATH/CodeIgniter.php(482): CodeIgniter\CodeIgniter->runController(Object(App\Controllers\Home))
 8 SYSTEMPATH/CodeIgniter.php(351): CodeIgniter\CodeIgniter->handleRequest(null, Object(Config\Cache), false)
 9 FCPATH/index.php(67): CodeIgniter\CodeIgniter->run()
ERROR - 2023-02-22 20:08:23 --> mysqli_sql_exception: Unknown column 'maistari_pakalpojumi.Pakalpojumi_id' in 'where clause' in /Applications/MAMP/htdocs/skolas_pieteikumi_codeigniter/system/Database/MySQLi/Connection.php:292
Stack trace:
#0 /Applications/MAMP/htdocs/skolas_pieteikumi_codeigniter/system/Database/MySQLi/Connection.php(292): mysqli->query('SELECT *\nFROM `...', 0)
#1 /Applications/MAMP/htdocs/skolas_pieteikumi_codeigniter/system/Database/BaseConnection.php(666): CodeIgniter\Database\MySQLi\Connection->execute('SELECT *\nFROM `...')
#2 /Applications/MAMP/htdocs/skolas_pieteikumi_codeigniter/system/Database/BaseConnection.php(593): CodeIgniter\Database\BaseConnection->simpleQuery('SELECT *\nFROM `...')
#3 /Applications/MAMP/htdocs/skolas_pieteikumi_codeigniter/system/Database/BaseBuilder.php(1585): CodeIgniter\Database\BaseConnection->query('SELECT *\nFROM `...', Array, false)
#4 /Applications/MAMP/htdocs/skolas_pieteikumi_codeigniter/app/Controllers/Home.php(47): CodeIgniter\Database\BaseBuilder->get()
#5 /Applications/MAMP/htdocs/skolas_pieteikumi_codeigniter/system/CodeIgniter.php(927): App\Controllers\Home->get_masters('1', '3')
#6 /Applications/MAMP/htdocs/skolas_pieteikumi_codeigniter/system/CodeIgniter.php(482): CodeIgniter\CodeIgniter->runController(Object(App\Controllers\Home))
#7 /Applications/MAMP/htdocs/skolas_pieteikumi_codeigniter/system/CodeIgniter.php(351): CodeIgniter\CodeIgniter->handleRequest(NULL, Object(Config\Cache), false)
#8 /Applications/MAMP/htdocs/skolas_pieteikumi_codeigniter/public/index.php(67): CodeIgniter\CodeIgniter->run()
#9 {main}
CRITICAL - 2023-02-22 20:08:23 --> Unknown column 'maistari_pakalpojumi.Pakalpojumi_id' in 'where clause'
in SYSTEMPATH/Database/MySQLi/Connection.php on line 292.
 1 SYSTEMPATH/Database/MySQLi/Connection.php(292): mysqli->query('SELECT *
FROM `meistari_pakalpojumi`
LEFT JOIN `meistari` ON `meistari_pakalpojumi`.`meistars_id` = `meistari`.`id`
WHERE `maistari_pakalpojumi`.`Pakalpojumi_id` = \'1\'
AND  `meistari`.`pieejamas_dienas` LIKE \'%3%\' ESCAPE \'!\'', 0)
 2 SYSTEMPATH/Database/BaseConnection.php(666): CodeIgniter\Database\MySQLi\Connection->execute('SELECT *
FROM `meistari_pakalpojumi`
LEFT JOIN `meistari` ON `meistari_pakalpojumi`.`meistars_id` = `meistari`.`id`
WHERE `maistari_pakalpojumi`.`Pakalpojumi_id` = \'1\'
AND  `meistari`.`pieejamas_dienas` LIKE \'%3%\' ESCAPE \'!\'')
 3 SYSTEMPATH/Database/BaseConnection.php(593): CodeIgniter\Database\BaseConnection->simpleQuery('SELECT *
FROM `meistari_pakalpojumi`
LEFT JOIN `meistari` ON `meistari_pakalpojumi`.`meistars_id` = `meistari`.`id`
WHERE `maistari_pakalpojumi`.`Pakalpojumi_id` = \'1\'
AND  `meistari`.`pieejamas_dienas` LIKE \'%3%\' ESCAPE \'!\'')
 4 SYSTEMPATH/Database/BaseBuilder.php(1585): CodeIgniter\Database\BaseConnection->query('SELECT *
FROM `meistari_pakalpojumi`
LEFT JOIN `meistari` ON `meistari_pakalpojumi`.`meistars_id` = `meistari`.`id`
WHERE `maistari_pakalpojumi`.`Pakalpojumi_id` = :maistari_pakalpojumi.Pakalpojumi_id:
AND  `meistari`.`pieejamas_dienas` LIKE :meistari.pieejamas_dienas: ESCAPE \'!\'', [...], false)
 5 APPPATH/Controllers/Home.php(47): CodeIgniter\Database\BaseBuilder->get()
 6 SYSTEMPATH/CodeIgniter.php(927): App\Controllers\Home->get_masters('1', '3')
 7 SYSTEMPATH/CodeIgniter.php(482): CodeIgniter\CodeIgniter->runController(Object(App\Controllers\Home))
 8 SYSTEMPATH/CodeIgniter.php(351): CodeIgniter\CodeIgniter->handleRequest(null, Object(Config\Cache), false)
 9 FCPATH/index.php(67): CodeIgniter\CodeIgniter->run()
ERROR - 2023-02-22 20:11:14 --> mysqli_sql_exception: Unknown column 'maistari_pakalpojumi.Pakalpojumi_id' in 'where clause' in /Applications/MAMP/htdocs/skolas_pieteikumi_codeigniter/system/Database/MySQLi/Connection.php:292
Stack trace:
#0 /Applications/MAMP/htdocs/skolas_pieteikumi_codeigniter/system/Database/MySQLi/Connection.php(292): mysqli->query('SELECT *\nFROM `...', 0)
#1 /Applications/MAMP/htdocs/skolas_pieteikumi_codeigniter/system/Database/BaseConnection.php(666): CodeIgniter\Database\MySQLi\Connection->execute('SELECT *\nFROM `...')
#2 /Applications/MAMP/htdocs/skolas_pieteikumi_codeigniter/system/Database/BaseConnection.php(593): CodeIgniter\Database\BaseConnection->simpleQuery('SELECT *\nFROM `...')
#3 /Applications/MAMP/htdocs/skolas_pieteikumi_codeigniter/system/Database/BaseBuilder.php(1585): CodeIgniter\Database\BaseConnection->query('SELECT *\nFROM `...', Array, false)
#4 /Applications/MAMP/htdocs/skolas_pieteikumi_codeigniter/app/Controllers/Home.php(47): CodeIgniter\Database\BaseBuilder->get()
#5 /Applications/MAMP/htdocs/skolas_pieteikumi_codeigniter/system/CodeIgniter.php(927): App\Controllers\Home->get_masters('1', '2')
#6 /Applications/MAMP/htdocs/skolas_pieteikumi_codeigniter/system/CodeIgniter.php(482): CodeIgniter\CodeIgniter->runController(Object(App\Controllers\Home))
#7 /Applications/MAMP/htdocs/skolas_pieteikumi_codeigniter/system/CodeIgniter.php(351): CodeIgniter\CodeIgniter->handleRequest(NULL, Object(Config\Cache), false)
#8 /Applications/MAMP/htdocs/skolas_pieteikumi_codeigniter/public/index.php(67): CodeIgniter\CodeIgniter->run()
#9 {main}
CRITICAL - 2023-02-22 20:11:14 --> Unknown column 'maistari_pakalpojumi.Pakalpojumi_id' in 'where clause'
in SYSTEMPATH/Database/MySQLi/Connection.php on line 292.
 1 SYSTEMPATH/Database/MySQLi/Connection.php(292): mysqli->query('SELECT *
FROM `meistari_pakalpojumi`
LEFT JOIN `meistari` ON `meistari_pakalpojumi`.`meistars_id` = `meistari`.`id`
WHERE `maistari_pakalpojumi`.`Pakalpojumi_id` = \'1\'
AND  `meistari`.`pieejamas_dienas` LIKE \'%2%\' ESCAPE \'!\'', 0)
 2 SYSTEMPATH/Database/BaseConnection.php(666): CodeIgniter\Database\MySQLi\Connection->execute('SELECT *
FROM `meistari_pakalpojumi`
LEFT JOIN `meistari` ON `meistari_pakalpojumi`.`meistars_id` = `meistari`.`id`
WHERE `maistari_pakalpojumi`.`Pakalpojumi_id` = \'1\'
AND  `meistari`.`pieejamas_dienas` LIKE \'%2%\' ESCAPE \'!\'')
 3 SYSTEMPATH/Database/BaseConnection.php(593): CodeIgniter\Database\BaseConnection->simpleQuery('SELECT *
FROM `meistari_pakalpojumi`
LEFT JOIN `meistari` ON `meistari_pakalpojumi`.`meistars_id` = `meistari`.`id`
WHERE `maistari_pakalpojumi`.`Pakalpojumi_id` = \'1\'
AND  `meistari`.`pieejamas_dienas` LIKE \'%2%\' ESCAPE \'!\'')
 4 SYSTEMPATH/Database/BaseBuilder.php(1585): CodeIgniter\Database\BaseConnection->query('SELECT *
FROM `meistari_pakalpojumi`
LEFT JOIN `meistari` ON `meistari_pakalpojumi`.`meistars_id` = `meistari`.`id`
WHERE `maistari_pakalpojumi`.`Pakalpojumi_id` = :maistari_pakalpojumi.Pakalpojumi_id:
AND  `meistari`.`pieejamas_dienas` LIKE :meistari.pieejamas_dienas: ESCAPE \'!\'', [...], false)
 5 APPPATH/Controllers/Home.php(47): CodeIgniter\Database\BaseBuilder->get()
 6 SYSTEMPATH/CodeIgniter.php(927): App\Controllers\Home->get_masters('1', '2')
 7 SYSTEMPATH/CodeIgniter.php(482): CodeIgniter\CodeIgniter->runController(Object(App\Controllers\Home))
 8 SYSTEMPATH/CodeIgniter.php(351): CodeIgniter\CodeIgniter->handleRequest(null, Object(Config\Cache), false)
 9 FCPATH/index.php(67): CodeIgniter\CodeIgniter->run()
ERROR - 2023-02-22 20:20:52 --> mysqli_sql_exception: Unknown column 'maistari_pakalpojumi.Pakalpojumi_id' in 'where clause' in /Applications/MAMP/htdocs/skolas_pieteikumi_codeigniter/system/Database/MySQLi/Connection.php:292
Stack trace:
#0 /Applications/MAMP/htdocs/skolas_pieteikumi_codeigniter/system/Database/MySQLi/Connection.php(292): mysqli->query('SELECT *\nFROM `...', 0)
#1 /Applications/MAMP/htdocs/skolas_pieteikumi_codeigniter/system/Database/BaseConnection.php(666): CodeIgniter\Database\MySQLi\Connection->execute('SELECT *\nFROM `...')
#2 /Applications/MAMP/htdocs/skolas_pieteikumi_codeigniter/system/Database/BaseConnection.php(593): CodeIgniter\Database\BaseConnection->simpleQuery('SELECT *\nFROM `...')
#3 /Applications/MAMP/htdocs/skolas_pieteikumi_codeigniter/system/Database/BaseBuilder.php(1585): CodeIgniter\Database\BaseConnection->query('SELECT *\nFROM `...', Array, false)
#4 /Applications/MAMP/htdocs/skolas_pieteikumi_codeigniter/app/Controllers/Home.php(47): CodeIgniter\Database\BaseBuilder->get()
#5 /Applications/MAMP/htdocs/skolas_pieteikumi_codeigniter/system/CodeIgniter.php(927): App\Controllers\Home->get_masters('1', '3')
#6 /Applications/MAMP/htdocs/skolas_pieteikumi_codeigniter/system/CodeIgniter.php(482): CodeIgniter\CodeIgniter->runController(Object(App\Controllers\Home))
#7 /Applications/MAMP/htdocs/skolas_pieteikumi_codeigniter/system/CodeIgniter.php(351): CodeIgniter\CodeIgniter->handleRequest(NULL, Object(Config\Cache), false)
#8 /Applications/MAMP/htdocs/skolas_pieteikumi_codeigniter/public/index.php(67): CodeIgniter\CodeIgniter->run()
#9 {main}
CRITICAL - 2023-02-22 20:20:52 --> Unknown column 'maistari_pakalpojumi.Pakalpojumi_id' in 'where clause'
in SYSTEMPATH/Database/MySQLi/Connection.php on line 292.
 1 SYSTEMPATH/Database/MySQLi/Connection.php(292): mysqli->query('SELECT *
FROM `meistari_pakalpojumi`
LEFT JOIN `meistari` ON `meistari_pakalpojumi`.`meistars_id` = `meistari`.`id`
WHERE `maistari_pakalpojumi`.`Pakalpojumi_id` = \'1\'
AND  `meistari`.`pieejamas_dienas` LIKE \'%3%\' ESCAPE \'!\'', 0)
 2 SYSTEMPATH/Database/BaseConnection.php(666): CodeIgniter\Database\MySQLi\Connection->execute('SELECT *
FROM `meistari_pakalpojumi`
LEFT JOIN `meistari` ON `meistari_pakalpojumi`.`meistars_id` = `meistari`.`id`
WHERE `maistari_pakalpojumi`.`Pakalpojumi_id` = \'1\'
AND  `meistari`.`pieejamas_dienas` LIKE \'%3%\' ESCAPE \'!\'')
 3 SYSTEMPATH/Database/BaseConnection.php(593): CodeIgniter\Database\BaseConnection->simpleQuery('SELECT *
FROM `meistari_pakalpojumi`
LEFT JOIN `meistari` ON `meistari_pakalpojumi`.`meistars_id` = `meistari`.`id`
WHERE `maistari_pakalpojumi`.`Pakalpojumi_id` = \'1\'
AND  `meistari`.`pieejamas_dienas` LIKE \'%3%\' ESCAPE \'!\'')
 4 SYSTEMPATH/Database/BaseBuilder.php(1585): CodeIgniter\Database\BaseConnection->query('SELECT *
FROM `meistari_pakalpojumi`
LEFT JOIN `meistari` ON `meistari_pakalpojumi`.`meistars_id` = `meistari`.`id`
WHERE `maistari_pakalpojumi`.`Pakalpojumi_id` = :maistari_pakalpojumi.Pakalpojumi_id:
AND  `meistari`.`pieejamas_dienas` LIKE :meistari.pieejamas_dienas: ESCAPE \'!\'', [...], false)
 5 APPPATH/Controllers/Home.php(47): CodeIgniter\Database\BaseBuilder->get()
 6 SYSTEMPATH/CodeIgniter.php(927): App\Controllers\Home->get_masters('1', '3')
 7 SYSTEMPATH/CodeIgniter.php(482): CodeIgniter\CodeIgniter->runController(Object(App\Controllers\Home))
 8 SYSTEMPATH/CodeIgniter.php(351): CodeIgniter\CodeIgniter->handleRequest(null, Object(Config\Cache), false)
 9 FCPATH/index.php(67): CodeIgniter\CodeIgniter->run()
ERROR - 2023-02-22 20:21:03 --> mysqli_sql_exception: Unknown column 'maistari_pakalpojumi.Pakalpojumi_id' in 'where clause' in /Applications/MAMP/htdocs/skolas_pieteikumi_codeigniter/system/Database/MySQLi/Connection.php:292
Stack trace:
#0 /Applications/MAMP/htdocs/skolas_pieteikumi_codeigniter/system/Database/MySQLi/Connection.php(292): mysqli->query('SELECT *\nFROM `...', 0)
#1 /Applications/MAMP/htdocs/skolas_pieteikumi_codeigniter/system/Database/BaseConnection.php(666): CodeIgniter\Database\MySQLi\Connection->execute('SELECT *\nFROM `...')
#2 /Applications/MAMP/htdocs/skolas_pieteikumi_codeigniter/system/Database/BaseConnection.php(593): CodeIgniter\Database\BaseConnection->simpleQuery('SELECT *\nFROM `...')
#3 /Applications/MAMP/htdocs/skolas_pieteikumi_codeigniter/system/Database/BaseBuilder.php(1585): CodeIgniter\Database\BaseConnection->query('SELECT *\nFROM `...', Array, false)
#4 /Applications/MAMP/htdocs/skolas_pieteikumi_codeigniter/app/Controllers/Home.php(47): CodeIgniter\Database\BaseBuilder->get()
#5 /Applications/MAMP/htdocs/skolas_pieteikumi_codeigniter/system/CodeIgniter.php(927): App\Controllers\Home->get_masters('1', '2')
#6 /Applications/MAMP/htdocs/skolas_pieteikumi_codeigniter/system/CodeIgniter.php(482): CodeIgniter\CodeIgniter->runController(Object(App\Controllers\Home))
#7 /Applications/MAMP/htdocs/skolas_pieteikumi_codeigniter/system/CodeIgniter.php(351): CodeIgniter\CodeIgniter->handleRequest(NULL, Object(Config\Cache), false)
#8 /Applications/MAMP/htdocs/skolas_pieteikumi_codeigniter/public/index.php(67): CodeIgniter\CodeIgniter->run()
#9 {main}
CRITICAL - 2023-02-22 20:21:03 --> Unknown column 'maistari_pakalpojumi.Pakalpojumi_id' in 'where clause'
in SYSTEMPATH/Database/MySQLi/Connection.php on line 292.
 1 SYSTEMPATH/Database/MySQLi/Connection.php(292): mysqli->query('SELECT *
FROM `meistari_pakalpojumi`
LEFT JOIN `meistari` ON `meistari_pakalpojumi`.`meistars_id` = `meistari`.`id`
WHERE `maistari_pakalpojumi`.`Pakalpojumi_id` = \'1\'
AND  `meistari`.`pieejamas_dienas` LIKE \'%2%\' ESCAPE \'!\'', 0)
 2 SYSTEMPATH/Database/BaseConnection.php(666): CodeIgniter\Database\MySQLi\Connection->execute('SELECT *
FROM `meistari_pakalpojumi`
LEFT JOIN `meistari` ON `meistari_pakalpojumi`.`meistars_id` = `meistari`.`id`
WHERE `maistari_pakalpojumi`.`Pakalpojumi_id` = \'1\'
AND  `meistari`.`pieejamas_dienas` LIKE \'%2%\' ESCAPE \'!\'')
 3 SYSTEMPATH/Database/BaseConnection.php(593): CodeIgniter\Database\BaseConnection->simpleQuery('SELECT *
FROM `meistari_pakalpojumi`
LEFT JOIN `meistari` ON `meistari_pakalpojumi`.`meistars_id` = `meistari`.`id`
WHERE `maistari_pakalpojumi`.`Pakalpojumi_id` = \'1\'
AND  `meistari`.`pieejamas_dienas` LIKE \'%2%\' ESCAPE \'!\'')
 4 SYSTEMPATH/Database/BaseBuilder.php(1585): CodeIgniter\Database\BaseConnection->query('SELECT *
FROM `meistari_pakalpojumi`
LEFT JOIN `meistari` ON `meistari_pakalpojumi`.`meistars_id` = `meistari`.`id`
WHERE `maistari_pakalpojumi`.`Pakalpojumi_id` = :maistari_pakalpojumi.Pakalpojumi_id:
AND  `meistari`.`pieejamas_dienas` LIKE :meistari.pieejamas_dienas: ESCAPE \'!\'', [...], false)
 5 APPPATH/Controllers/Home.php(47): CodeIgniter\Database\BaseBuilder->get()
 6 SYSTEMPATH/CodeIgniter.php(927): App\Controllers\Home->get_masters('1', '2')
 7 SYSTEMPATH/CodeIgniter.php(482): CodeIgniter\CodeIgniter->runController(Object(App\Controllers\Home))
 8 SYSTEMPATH/CodeIgniter.php(351): CodeIgniter\CodeIgniter->handleRequest(null, Object(Config\Cache), false)
 9 FCPATH/index.php(67): CodeIgniter\CodeIgniter->run()
ERROR - 2023-02-22 20:23:47 --> mysqli_sql_exception: Unknown column 'maistari_pakalpojumi.Pakalpojumi_id' in 'where clause' in /Applications/MAMP/htdocs/skolas_pieteikumi_codeigniter/system/Database/MySQLi/Connection.php:292
Stack trace:
#0 /Applications/MAMP/htdocs/skolas_pieteikumi_codeigniter/system/Database/MySQLi/Connection.php(292): mysqli->query('SELECT *\nFROM `...', 0)
#1 /Applications/MAMP/htdocs/skolas_pieteikumi_codeigniter/system/Database/BaseConnection.php(666): CodeIgniter\Database\MySQLi\Connection->execute('SELECT *\nFROM `...')
#2 /Applications/MAMP/htdocs/skolas_pieteikumi_codeigniter/system/Database/BaseConnection.php(593): CodeIgniter\Database\BaseConnection->simpleQuery('SELECT *\nFROM `...')
#3 /Applications/MAMP/htdocs/skolas_pieteikumi_codeigniter/system/Database/BaseBuilder.php(1585): CodeIgniter\Database\BaseConnection->query('SELECT *\nFROM `...', Array, false)
#4 /Applications/MAMP/htdocs/skolas_pieteikumi_codeigniter/app/Controllers/Home.php(47): CodeIgniter\Database\BaseBuilder->get()
#5 /Applications/MAMP/htdocs/skolas_pieteikumi_codeigniter/system/CodeIgniter.php(927): App\Controllers\Home->get_masters('1', '2')
#6 /Applications/MAMP/htdocs/skolas_pieteikumi_codeigniter/system/CodeIgniter.php(482): CodeIgniter\CodeIgniter->runController(Object(App\Controllers\Home))
#7 /Applications/MAMP/htdocs/skolas_pieteikumi_codeigniter/system/CodeIgniter.php(351): CodeIgniter\CodeIgniter->handleRequest(NULL, Object(Config\Cache), false)
#8 /Applications/MAMP/htdocs/skolas_pieteikumi_codeigniter/public/index.php(67): CodeIgniter\CodeIgniter->run()
#9 {main}
CRITICAL - 2023-02-22 20:23:47 --> Unknown column 'maistari_pakalpojumi.Pakalpojumi_id' in 'where clause'
in SYSTEMPATH/Database/MySQLi/Connection.php on line 292.
 1 SYSTEMPATH/Database/MySQLi/Connection.php(292): mysqli->query('SELECT *
FROM `meistari_pakalpojumi`
LEFT JOIN `meistari` ON `meistari_pakalpojumi`.`meistars_id` = `meistari`.`id`
WHERE `maistari_pakalpojumi`.`Pakalpojumi_id` = \'1\'
AND  `meistari`.`pieejamas_dienas` LIKE \'%2%\' ESCAPE \'!\'', 0)
 2 SYSTEMPATH/Database/BaseConnection.php(666): CodeIgniter\Database\MySQLi\Connection->execute('SELECT *
FROM `meistari_pakalpojumi`
LEFT JOIN `meistari` ON `meistari_pakalpojumi`.`meistars_id` = `meistari`.`id`
WHERE `maistari_pakalpojumi`.`Pakalpojumi_id` = \'1\'
AND  `meistari`.`pieejamas_dienas` LIKE \'%2%\' ESCAPE \'!\'')
 3 SYSTEMPATH/Database/BaseConnection.php(593): CodeIgniter\Database\BaseConnection->simpleQuery('SELECT *
FROM `meistari_pakalpojumi`
LEFT JOIN `meistari` ON `meistari_pakalpojumi`.`meistars_id` = `meistari`.`id`
WHERE `maistari_pakalpojumi`.`Pakalpojumi_id` = \'1\'
AND  `meistari`.`pieejamas_dienas` LIKE \'%2%\' ESCAPE \'!\'')
 4 SYSTEMPATH/Database/BaseBuilder.php(1585): CodeIgniter\Database\BaseConnection->query('SELECT *
FROM `meistari_pakalpojumi`
LEFT JOIN `meistari` ON `meistari_pakalpojumi`.`meistars_id` = `meistari`.`id`
WHERE `maistari_pakalpojumi`.`Pakalpojumi_id` = :maistari_pakalpojumi.Pakalpojumi_id:
AND  `meistari`.`pieejamas_dienas` LIKE :meistari.pieejamas_dienas: ESCAPE \'!\'', [...], false)
 5 APPPATH/Controllers/Home.php(47): CodeIgniter\Database\BaseBuilder->get()
 6 SYSTEMPATH/CodeIgniter.php(927): App\Controllers\Home->get_masters('1', '2')
 7 SYSTEMPATH/CodeIgniter.php(482): CodeIgniter\CodeIgniter->runController(Object(App\Controllers\Home))
 8 SYSTEMPATH/CodeIgniter.php(351): CodeIgniter\CodeIgniter->handleRequest(null, Object(Config\Cache), false)
 9 FCPATH/index.php(67): CodeIgniter\CodeIgniter->run()
ERROR - 2023-02-22 20:32:24 --> mysqli_sql_exception: Unknown column 'pieejamas_stundas' in 'field list' in /Applications/MAMP/htdocs/skolas_pieteikumi_codeigniter/system/Database/MySQLi/Connection.php:292
Stack trace:
#0 /Applications/MAMP/htdocs/skolas_pieteikumi_codeigniter/system/Database/MySQLi/Connection.php(292): mysqli->query('SELECT `pieejam...', 0)
#1 /Applications/MAMP/htdocs/skolas_pieteikumi_codeigniter/system/Database/BaseConnection.php(666): CodeIgniter\Database\MySQLi\Connection->execute('SELECT `pieejam...')
#2 /Applications/MAMP/htdocs/skolas_pieteikumi_codeigniter/system/Database/BaseConnection.php(593): CodeIgniter\Database\BaseConnection->simpleQuery('SELECT `pieejam...')
#3 /Applications/MAMP/htdocs/skolas_pieteikumi_codeigniter/system/Database/BaseBuilder.php(1585): CodeIgniter\Database\BaseConnection->query('SELECT `pieejam...', Array, false)
#4 /Applications/MAMP/htdocs/skolas_pieteikumi_codeigniter/app/Controllers/Home.php(63): CodeIgniter\Database\BaseBuilder->get()
#5 /Applications/MAMP/htdocs/skolas_pieteikumi_codeigniter/system/CodeIgniter.php(927): App\Controllers\Home->get_masters_time('1')
#6 /Applications/MAMP/htdocs/skolas_pieteikumi_codeigniter/system/CodeIgniter.php(482): CodeIgniter\CodeIgniter->runController(Object(App\Controllers\Home))
#7 /Applications/MAMP/htdocs/skolas_pieteikumi_codeigniter/system/CodeIgniter.php(351): CodeIgniter\CodeIgniter->handleRequest(NULL, Object(Config\Cache), false)
#8 /Applications/MAMP/htdocs/skolas_pieteikumi_codeigniter/public/index.php(67): CodeIgniter\CodeIgniter->run()
#9 {main}
CRITICAL - 2023-02-22 20:32:24 --> Unknown column 'pieejamas_stundas' in 'field list'
in SYSTEMPATH/Database/MySQLi/Connection.php on line 292.
 1 SYSTEMPATH/Database/MySQLi/Connection.php(292): mysqli->query('SELECT `pieejamas_stundas`
FROM `meistari`
WHERE `id` = \'1\'', 0)
 2 SYSTEMPATH/Database/BaseConnection.php(666): CodeIgniter\Database\MySQLi\Connection->execute('SELECT `pieejamas_stundas`
FROM `meistari`
WHERE `id` = \'1\'')
 3 SYSTEMPATH/Database/BaseConnection.php(593): CodeIgniter\Database\BaseConnection->simpleQuery('SELECT `pieejamas_stundas`
FROM `meistari`
WHERE `id` = \'1\'')
 4 SYSTEMPATH/Database/BaseBuilder.php(1585): CodeIgniter\Database\BaseConnection->query('SELECT `pieejamas_stundas`
FROM `meistari`
WHERE `id` = :id:', [...], false)
 5 APPPATH/Controllers/Home.php(63): CodeIgniter\Database\BaseBuilder->get()
 6 SYSTEMPATH/CodeIgniter.php(927): App\Controllers\Home->get_masters_time('1')
 7 SYSTEMPATH/CodeIgniter.php(482): CodeIgniter\CodeIgniter->runController(Object(App\Controllers\Home))
 8 SYSTEMPATH/CodeIgniter.php(351): CodeIgniter\CodeIgniter->handleRequest(null, Object(Config\Cache), false)
 9 FCPATH/index.php(67): CodeIgniter\CodeIgniter->run()
ERROR - 2023-02-22 20:32:47 --> mysqli_sql_exception: Unknown column 'pieejamas_stundas' in 'field list' in /Applications/MAMP/htdocs/skolas_pieteikumi_codeigniter/system/Database/MySQLi/Connection.php:292
Stack trace:
#0 /Applications/MAMP/htdocs/skolas_pieteikumi_codeigniter/system/Database/MySQLi/Connection.php(292): mysqli->query('SELECT `pieejam...', 0)
#1 /Applications/MAMP/htdocs/skolas_pieteikumi_codeigniter/system/Database/BaseConnection.php(666): CodeIgniter\Database\MySQLi\Connection->execute('SELECT `pieejam...')
#2 /Applications/MAMP/htdocs/skolas_pieteikumi_codeigniter/system/Database/BaseConnection.php(593): CodeIgniter\Database\BaseConnection->simpleQuery('SELECT `pieejam...')
#3 /Applications/MAMP/htdocs/skolas_pieteikumi_codeigniter/system/Database/BaseBuilder.php(1585): CodeIgniter\Database\BaseConnection->query('SELECT `pieejam...', Array, false)
#4 /Applications/MAMP/htdocs/skolas_pieteikumi_codeigniter/app/Controllers/Home.php(63): CodeIgniter\Database\BaseBuilder->get()
#5 /Applications/MAMP/htdocs/skolas_pieteikumi_codeigniter/system/CodeIgniter.php(927): App\Controllers\Home->get_masters_time('1')
#6 /Applications/MAMP/htdocs/skolas_pieteikumi_codeigniter/system/CodeIgniter.php(482): CodeIgniter\CodeIgniter->runController(Object(App\Controllers\Home))
#7 /Applications/MAMP/htdocs/skolas_pieteikumi_codeigniter/system/CodeIgniter.php(351): CodeIgniter\CodeIgniter->handleRequest(NULL, Object(Config\Cache), false)
#8 /Applications/MAMP/htdocs/skolas_pieteikumi_codeigniter/public/index.php(67): CodeIgniter\CodeIgniter->run()
#9 {main}
CRITICAL - 2023-02-22 20:32:47 --> Unknown column 'pieejamas_stundas' in 'field list'
in SYSTEMPATH/Database/MySQLi/Connection.php on line 292.
 1 SYSTEMPATH/Database/MySQLi/Connection.php(292): mysqli->query('SELECT `pieejamas_stundas`
FROM `meistari`
WHERE `id` = \'1\'', 0)
 2 SYSTEMPATH/Database/BaseConnection.php(666): CodeIgniter\Database\MySQLi\Connection->execute('SELECT `pieejamas_stundas`
FROM `meistari`
WHERE `id` = \'1\'')
 3 SYSTEMPATH/Database/BaseConnection.php(593): CodeIgniter\Database\BaseConnection->simpleQuery('SELECT `pieejamas_stundas`
FROM `meistari`
WHERE `id` = \'1\'')
 4 SYSTEMPATH/Database/BaseBuilder.php(1585): CodeIgniter\Database\BaseConnection->query('SELECT `pieejamas_stundas`
FROM `meistari`
WHERE `id` = :id:', [...], false)
 5 APPPATH/Controllers/Home.php(63): CodeIgniter\Database\BaseBuilder->get()
 6 SYSTEMPATH/CodeIgniter.php(927): App\Controllers\Home->get_masters_time('1')
 7 SYSTEMPATH/CodeIgniter.php(482): CodeIgniter\CodeIgniter->runController(Object(App\Controllers\Home))
 8 SYSTEMPATH/CodeIgniter.php(351): CodeIgniter\CodeIgniter->handleRequest(null, Object(Config\Cache), false)
 9 FCPATH/index.php(67): CodeIgniter\CodeIgniter->run()
