CRITICAL - 2022-11-28 05:27:48 --> Call to undefined method App\Controllers\Home::notify_email()
in APPPATH/Controllers/Home.php on line 69.
 1 SYSTEMPATH/CodeIgniter.php(927): App\Controllers\Home->putApplication()
 2 SYSTEMPATH/CodeIgniter.php(482): CodeIgniter\CodeIgniter->runController(Object(App\Controllers\Home))
 3 SYSTEMPATH/CodeIgniter.php(351): CodeIgniter\CodeIgniter->handleRequest(null, Object(Config\Cache), false)
 4 FCPATH/index.php(67): CodeIgniter\CodeIgniter->run()
 5 SYSTEMPATH/Commands/Server/rewrite.php(46): require_once('FCPATH/index.php')
CRITICAL - 2022-11-28 05:27:59 --> Call to undefined method App\Controllers\Home::notify_email()
in APPPATH/Controllers/Home.php on line 69.
 1 SYSTEMPATH/CodeIgniter.php(927): App\Controllers\Home->putApplication()
 2 SYSTEMPATH/CodeIgniter.php(482): CodeIgniter\CodeIgniter->runController(Object(App\Controllers\Home))
 3 SYSTEMPATH/CodeIgniter.php(351): CodeIgniter\CodeIgniter->handleRequest(null, Object(Config\Cache), false)
 4 FCPATH/index.php(67): CodeIgniter\CodeIgniter->run()
 5 SYSTEMPATH/Commands/Server/rewrite.php(46): require_once('FCPATH/index.php')
ERROR - 2022-11-28 08:07:30 --> mysqli_sql_exception: Unknown column 'pieteikumi.id' in 'where clause' in /Applications/MAMP/htdocs/skolas_pieteikumi_codeigniter/system/Database/MySQLi/Connection.php:292
Stack trace:
#0 /Applications/MAMP/htdocs/skolas_pieteikumi_codeigniter/system/Database/MySQLi/Connection.php(292): mysqli->query('SELECT *\nFROM `...', 0)
#1 /Applications/MAMP/htdocs/skolas_pieteikumi_codeigniter/system/Database/BaseConnection.php(666): CodeIgniter\Database\MySQLi\Connection->execute('SELECT *\nFROM `...')
#2 /Applications/MAMP/htdocs/skolas_pieteikumi_codeigniter/system/Database/BaseConnection.php(593): CodeIgniter\Database\BaseConnection->simpleQuery('SELECT *\nFROM `...')
#3 /Applications/MAMP/htdocs/skolas_pieteikumi_codeigniter/system/Database/BaseBuilder.php(1585): CodeIgniter\Database\BaseConnection->query('SELECT *\nFROM `...', Array, false)
#4 /Applications/MAMP/htdocs/skolas_pieteikumi_codeigniter/app/Controllers/Home.php(77): CodeIgniter\Database\BaseBuilder->get()
#5 /Applications/MAMP/htdocs/skolas_pieteikumi_codeigniter/system/CodeIgniter.php(927): App\Controllers\Home->putApplication()
#6 /Applications/MAMP/htdocs/skolas_pieteikumi_codeigniter/system/CodeIgniter.php(482): CodeIgniter\CodeIgniter->runController(Object(App\Controllers\Home))
#7 /Applications/MAMP/htdocs/skolas_pieteikumi_codeigniter/system/CodeIgniter.php(351): CodeIgniter\CodeIgniter->handleRequest(NULL, Object(Config\Cache), false)
#8 /Applications/MAMP/htdocs/skolas_pieteikumi_codeigniter/public/index.php(67): CodeIgniter\CodeIgniter->run()
#9 /Applications/MAMP/htdocs/skolas_pieteikumi_codeigniter/system/Commands/Server/rewrite.php(46): require_once('/Applications/M...')
#10 {main}
CRITICAL - 2022-11-28 08:07:30 --> Unknown column 'pieteikumi.id' in 'where clause'
in SYSTEMPATH/Database/MySQLi/Connection.php on line 292.
 1 SYSTEMPATH/Database/MySQLi/Connection.php(292): mysqli->query('SELECT *
FROM `pieteikumi`
JOIN `meistari` ON `meistari`.`id` = `pieteikumi`.`meistara_id`
JOIN `pakalpojumi` ON `pakalpojumi`.`id` = `pieteikumi`.`pakalpojuma_id`
WHERE `pieteikumi`.`id` = 61', 0)
 2 SYSTEMPATH/Database/BaseConnection.php(666): CodeIgniter\Database\MySQLi\Connection->execute('SELECT *
FROM `pieteikumi`
JOIN `meistari` ON `meistari`.`id` = `pieteikumi`.`meistara_id`
JOIN `pakalpojumi` ON `pakalpojumi`.`id` = `pieteikumi`.`pakalpojuma_id`
WHERE `pieteikumi`.`id` = 61')
 3 SYSTEMPATH/Database/BaseConnection.php(593): CodeIgniter\Database\BaseConnection->simpleQuery('SELECT *
FROM `pieteikumi`
JOIN `meistari` ON `meistari`.`id` = `pieteikumi`.`meistara_id`
JOIN `pakalpojumi` ON `pakalpojumi`.`id` = `pieteikumi`.`pakalpojuma_id`
WHERE `pieteikumi`.`id` = 61')
 4 SYSTEMPATH/Database/BaseBuilder.php(1585): CodeIgniter\Database\BaseConnection->query('SELECT *
FROM `pieteikumi`
JOIN `meistari` ON `meistari`.`id` = `pieteikumi`.`meistara_id`
JOIN `pakalpojumi` ON `pakalpojumi`.`id` = `pieteikumi`.`pakalpojuma_id`
WHERE `pieteikumi`.`id` = :pieteikumi.id:', [...], false)
 5 APPPATH/Controllers/Home.php(77): CodeIgniter\Database\BaseBuilder->get()
 6 SYSTEMPATH/CodeIgniter.php(927): App\Controllers\Home->putApplication()
 7 SYSTEMPATH/CodeIgniter.php(482): CodeIgniter\CodeIgniter->runController(Object(App\Controllers\Home))
 8 SYSTEMPATH/CodeIgniter.php(351): CodeIgniter\CodeIgniter->handleRequest(null, Object(Config\Cache), false)
 9 FCPATH/index.php(67): CodeIgniter\CodeIgniter->run()
10 SYSTEMPATH/Commands/Server/rewrite.php(46): require_once('FCPATH/index.php')
ERROR - 2022-11-28 08:08:48 --> Email: Unable to send email using SMTP. Your server might not be configured to send mail using this method.
ERROR - 2022-11-28 08:08:48 --> 220 mail.inbox.lv relay for customers ESMTP ready

hello: 250-mail.inbox.lv relay for customers
250-SIZE 59900000
250-ENHANCEDSTATUSCODES
250-8BITMIME
250 STARTTLS

starttls: 220 2.0.0 Start TLS

hello: 250-mail.inbox.lv relay for customers
250-SIZE 59900000
250-ENHANCEDSTATUSCODES
250-8BITMIME
250 AUTH PLAIN LOGIN

from: 250 2.1.0 Ok

to: 501 5.1.3 Bad recipient address syntax

The following SMTP error was encountered: 501 5.1.3 Bad recipient address syntax

quit: 221 2.0.0 Bye

CRITICAL - 2022-11-28 08:25:31 --> Undefined property: App\Controllers\Home::$load
in APPPATH/Controllers/Home.php on line 91.
 1 APPPATH/Controllers/Home.php(91): CodeIgniter\Debug\Exceptions->errorHandler(2, 'Undefined property: App\\Controllers\\Home::$load', 'APPPATH/Controllers/Home.php', 91)
 2 SYSTEMPATH/CodeIgniter.php(927): App\Controllers\Home->deleteApp('66')
 3 SYSTEMPATH/CodeIgniter.php(482): CodeIgniter\CodeIgniter->runController(Object(App\Controllers\Home))
 4 SYSTEMPATH/CodeIgniter.php(351): CodeIgniter\CodeIgniter->handleRequest(null, Object(Config\Cache), false)
 5 FCPATH/index.php(67): CodeIgniter\CodeIgniter->run()
 6 SYSTEMPATH/Commands/Server/rewrite.php(46): require_once('FCPATH/index.php')
CRITICAL - 2022-11-28 08:26:10 --> Call to undefined method App\Controllers\Home::view()
in APPPATH/Controllers/Home.php on line 91.
 1 SYSTEMPATH/CodeIgniter.php(927): App\Controllers\Home->deleteApp('66')
 2 SYSTEMPATH/CodeIgniter.php(482): CodeIgniter\CodeIgniter->runController(Object(App\Controllers\Home))
 3 SYSTEMPATH/CodeIgniter.php(351): CodeIgniter\CodeIgniter->handleRequest(null, Object(Config\Cache), false)
 4 FCPATH/index.php(67): CodeIgniter\CodeIgniter->run()
 5 SYSTEMPATH/Commands/Server/rewrite.php(46): require_once('FCPATH/index.php')
CRITICAL - 2022-11-28 10:01:28 --> include(../header.php): Failed to open stream: No such file or directory
in APPPATH/Views/admin/main_page.php on line 1.
 1 APPPATH/Views/admin/main_page.php(1): CodeIgniter\Debug\Exceptions->errorHandler(2, 'include(../header.php): Failed to open stream: No such file or directory', 'APPPATH/Views/admin/main_page.php', 1)
 2 APPPATH/Views/admin/main_page.php(1): include()
 3 SYSTEMPATH/View/View.php(213): include('APPPATH/Views/admin/main_page.php')
 4 SYSTEMPATH/View/View.php(216): CodeIgniter\View\View->CodeIgniter\View\{closure}()
 5 SYSTEMPATH/Common.php(1134): CodeIgniter\View\View->render('admin/main_page', [], true)
 6 APPPATH/Controllers/Admin.php(30): view('admin/main_page', [...])
 7 SYSTEMPATH/CodeIgniter.php(927): App\Controllers\Admin->index()
 8 SYSTEMPATH/CodeIgniter.php(482): CodeIgniter\CodeIgniter->runController(Object(App\Controllers\Admin))
 9 SYSTEMPATH/CodeIgniter.php(351): CodeIgniter\CodeIgniter->handleRequest(null, Object(Config\Cache), false)
10 FCPATH/index.php(67): CodeIgniter\CodeIgniter->run()
11 SYSTEMPATH/Commands/Server/rewrite.php(46): require_once('FCPATH/index.php')
CRITICAL - 2022-11-28 10:01:55 --> include(header.php): Failed to open stream: No such file or directory
in APPPATH/Views/admin/main_page.php on line 1.
 1 APPPATH/Views/admin/main_page.php(1): CodeIgniter\Debug\Exceptions->errorHandler(2, 'include(header.php): Failed to open stream: No such file or directory', 'APPPATH/Views/admin/main_page.php', 1)
 2 APPPATH/Views/admin/main_page.php(1): include()
 3 SYSTEMPATH/View/View.php(213): include('APPPATH/Views/admin/main_page.php')
 4 SYSTEMPATH/View/View.php(216): CodeIgniter\View\View->CodeIgniter\View\{closure}()
 5 SYSTEMPATH/Common.php(1134): CodeIgniter\View\View->render('admin/main_page', [], true)
 6 APPPATH/Controllers/Admin.php(30): view('admin/main_page', [...])
 7 SYSTEMPATH/CodeIgniter.php(927): App\Controllers\Admin->index()
 8 SYSTEMPATH/CodeIgniter.php(482): CodeIgniter\CodeIgniter->runController(Object(App\Controllers\Admin))
 9 SYSTEMPATH/CodeIgniter.php(351): CodeIgniter\CodeIgniter->handleRequest(null, Object(Config\Cache), false)
10 FCPATH/index.php(67): CodeIgniter\CodeIgniter->run()
11 SYSTEMPATH/Commands/Server/rewrite.php(46): require_once('FCPATH/index.php')
CRITICAL - 2022-11-28 10:02:50 --> include(../header.php): Failed to open stream: No such file or directory
in APPPATH/Views/admin/main_page.php on line 1.
 1 APPPATH/Views/admin/main_page.php(1): CodeIgniter\Debug\Exceptions->errorHandler(2, 'include(../header.php): Failed to open stream: No such file or directory', 'APPPATH/Views/admin/main_page.php', 1)
 2 APPPATH/Views/admin/main_page.php(1): include()
 3 SYSTEMPATH/View/View.php(213): include('APPPATH/Views/admin/main_page.php')
 4 SYSTEMPATH/View/View.php(216): CodeIgniter\View\View->CodeIgniter\View\{closure}()
 5 SYSTEMPATH/Common.php(1134): CodeIgniter\View\View->render('admin/main_page', [], true)
 6 APPPATH/Controllers/Admin.php(30): view('admin/main_page', [...])
 7 SYSTEMPATH/CodeIgniter.php(927): App\Controllers\Admin->index()
 8 SYSTEMPATH/CodeIgniter.php(482): CodeIgniter\CodeIgniter->runController(Object(App\Controllers\Admin))
 9 SYSTEMPATH/CodeIgniter.php(351): CodeIgniter\CodeIgniter->handleRequest(null, Object(Config\Cache), false)
10 FCPATH/index.php(67): CodeIgniter\CodeIgniter->run()
11 SYSTEMPATH/Commands/Server/rewrite.php(46): require_once('FCPATH/index.php')
CRITICAL - 2022-11-28 10:02:58 --> include(admin_nav.php): Failed to open stream: No such file or directory
in APPPATH/Views/admin/header.php on line 23.
 1 APPPATH/Views/admin/header.php(23): CodeIgniter\Debug\Exceptions->errorHandler(2, 'include(admin_nav.php): Failed to open stream: No such file or directory', 'APPPATH/Views/admin/header.php', 23)
 2 APPPATH/Views/admin/header.php(23): include()
 3 APPPATH/Views/admin/main_page.php(1): include('APPPATH/Views/admin/header.php')
 4 SYSTEMPATH/View/View.php(213): include('APPPATH/Views/admin/main_page.php')
 5 SYSTEMPATH/View/View.php(216): CodeIgniter\View\View->CodeIgniter\View\{closure}()
 6 SYSTEMPATH/Common.php(1134): CodeIgniter\View\View->render('admin/main_page', [], true)
 7 APPPATH/Controllers/Admin.php(30): view('admin/main_page', [...])
 8 SYSTEMPATH/CodeIgniter.php(927): App\Controllers\Admin->index()
 9 SYSTEMPATH/CodeIgniter.php(482): CodeIgniter\CodeIgniter->runController(Object(App\Controllers\Admin))
10 SYSTEMPATH/CodeIgniter.php(351): CodeIgniter\CodeIgniter->handleRequest(null, Object(Config\Cache), false)
11 FCPATH/index.php(67): CodeIgniter\CodeIgniter->run()
12 SYSTEMPATH/Commands/Server/rewrite.php(46): require_once('FCPATH/index.php')
CRITICAL - 2022-11-28 10:03:54 --> include(footer.php): Failed to open stream: No such file or directory
in APPPATH/Views/admin/main_page.php on line 6.
 1 APPPATH/Views/admin/main_page.php(6): CodeIgniter\Debug\Exceptions->errorHandler(2, 'include(footer.php): Failed to open stream: No such file or directory', 'APPPATH/Views/admin/main_page.php', 6)
 2 APPPATH/Views/admin/main_page.php(6): include()
 3 SYSTEMPATH/View/View.php(213): include('APPPATH/Views/admin/main_page.php')
 4 SYSTEMPATH/View/View.php(216): CodeIgniter\View\View->CodeIgniter\View\{closure}()
 5 SYSTEMPATH/Common.php(1134): CodeIgniter\View\View->render('admin/main_page', [], true)
 6 APPPATH/Controllers/Admin.php(30): view('admin/main_page', [...])
 7 SYSTEMPATH/CodeIgniter.php(927): App\Controllers\Admin->index()
 8 SYSTEMPATH/CodeIgniter.php(482): CodeIgniter\CodeIgniter->runController(Object(App\Controllers\Admin))
 9 SYSTEMPATH/CodeIgniter.php(351): CodeIgniter\CodeIgniter->handleRequest(null, Object(Config\Cache), false)
10 FCPATH/index.php(67): CodeIgniter\CodeIgniter->run()
11 SYSTEMPATH/Commands/Server/rewrite.php(46): require_once('FCPATH/index.php')
